TN:
SF:/home/jorel/projects/diskrw/src/reader.cpp
FN:4,_ZN6ReaderC2ENSt7__cxx1112basic_stringIcSt11char_traitsIcESaIcEEEj
FN:9,_ZN6Reader9read_fileEv
FN:24,_ZN6Reader11get_contentB5cxx11Ev
FNDA:4,_ZN6ReaderC2ENSt7__cxx1112basic_stringIcSt11char_traitsIcESaIcEEEj
FNDA:4,_ZN6Reader9read_fileEv
FNDA:4,_ZN6Reader11get_contentB5cxx11Ev
FNF:3
FNH:3
DA:4,4
DA:5,4
DA:6,4
DA:7,4
DA:9,4
DA:10,4
DA:12,4
DA:13,4
DA:14,16
DA:16,12
DA:17,12
DA:18,12
DA:21,4
DA:22,8
DA:24,4
LF:15
LH:15
end_of_record
TN:
SF:/home/jorel/projects/diskrw/src/writer.cpp
FN:3,_ZN6WriterC2ENSt7__cxx1112basic_stringIcSt11char_traitsIcESaIcEEE
FN:5,_ZN6Writer5writeENSt7__cxx1112basic_stringIcSt11char_traitsIcESaIcEEEc
FNDA:4,_ZN6WriterC2ENSt7__cxx1112basic_stringIcSt11char_traitsIcESaIcEEE
FNDA:4,_ZN6Writer5writeENSt7__cxx1112basic_stringIcSt11char_traitsIcESaIcEEEc
FNF:2
FNH:2
DA:3,4
DA:5,4
DA:6,4
DA:7,2
DA:8,2
DA:9,2
DA:10,2
DA:11,2
DA:12,2
DA:13,0
DA:14,0
DA:17,4
DA:19,4
DA:20,4
DA:22,0
DA:25,4
LF:16
LH:13
end_of_record
TN:
SF:/home/jorel/projects/diskrw/tests/doctest.h
FN:447,_ZN7doctest6detailL7consumeEPKii
FN:611,_ZNK7doctest6String9isOnStackEv
FN:642,_ZNK7doctest6String5c_strEv
FN:643,_ZN7doctest6String5c_strEv
FN:851,_ZN7doctest10AssertData14StringContainsC2ERKNS_6StringE
FN:852,_ZN7doctest10AssertData14StringContainsC2ENS_8ContainsE
FN:854,_ZN7doctest10AssertData14StringContains5checkERKNS_6StringE
FN:858,_ZNK7doctest10AssertData14StringContains5c_strEv
FN:885,_ZN7doctest13IContextScopeC2Ev
FN:983,_ZN7doctest6detail7forwardIiEEOT_RNS0_5types16remove_referenceIS2_E4typeE
FN:983,_ZN7doctest6detail7forwardIRA6_KcEEOT_RNS0_5types16remove_referenceIS5_E4typeE
FN:983,_ZN7doctest6detail7forwardIRiEEOT_RNS0_5types16remove_referenceIS3_E4typeE
FN:983,_ZN7doctest6detail7forwardIRNSt7__cxx1112basic_stringIcSt11char_traitsIcESaIcEEEEEOT_RNS0_5types16remove_referenceIS9_E4typeE
FN:983,_ZN7doctest6detail7forwardIRA3_KcEEOT_RNS0_5types16remove_referenceIS5_E4typeE
FN:1052,_ZN7doctest6detail7fillossINSt7__cxx1112basic_stringIcSt11char_traitsIcESaIcEEEEEvPSoRKT_
FN:1052,_ZN7doctest6detail7fillossIA6_KcEEvPSoRKT_
FN:1052,_ZN7doctest6detail7fillossIA3_KcEEvPSoRKT_
FN:1057,_ZN7doctest6detail7fillossIcLm3EEEvPSoRAT0__KT_
FN:1057,_ZN7doctest6detail7fillossIcLm6EEEvPSoRAT0__KT_
FN:1064,_ZN7doctest6detail8toStreamINSt7__cxx1112basic_stringIcSt11char_traitsIcESaIcEEEEENS_6StringERKT_
FN:1064,_ZN7doctest6detail8toStreamIA3_cEENS_6StringERKT_
FN:1064,_ZN7doctest6detail8toStreamIA6_cEENS_6StringERKT_
FN:1073,_ZN7doctest6detail15StringMakerBaseILb1EE7convertINSt7__cxx1112basic_stringIcSt11char_traitsIcESaIcEEEEENS_6StringERKT_
FN:1073,_ZN7doctest6detail15StringMakerBaseILb1EE7convertIA3_cEENS_6StringERKT_
FN:1073,_ZN7doctest6detail15StringMakerBaseILb1EE7convertIA6_cEENS_6StringERKT_
FN:1106,_ZN7doctest8toStringIA6_cLb1EEENS_6StringERKT_
FN:1106,_ZN7doctest8toStringIA3_cLb1EEENS_6StringERKT_
FN:1106,_ZN7doctest8toStringINSt7__cxx1112basic_stringIcSt11char_traitsIcESaIcEEELb1EEENS_6StringERKT_
FN:1151,_ZN7doctest6detail8filldataINSt7__cxx1112basic_stringIcSt11char_traitsIcESaIcEEEE4fillEPSoRKS7_
FN:1180,_ZN7doctest6detail8filldataIA6_KcE4fillEPSoRS3_
FN:1180,_ZN7doctest6detail8filldataIA3_KcE4fillEPSoRS3_
FN:1294,_ZN7doctest5IsNaNIfEC2Efb
FN:1294,_ZN7doctest5IsNaNIdEC2Edb
FN:1294,_ZN7doctest5IsNaNIeEC2Eeb
FN:1295,_ZNK7doctest5IsNaNIfEntEv
FN:1295,_ZNK7doctest5IsNaNIeEntEv
FN:1295,_ZNK7doctest5IsNaNIdEntEv
FN:1354,_ZN7doctest6detail19stringifyBinaryExprIiiEENS_6StringERKT_PKcRKT0_
FN:1354,_ZN7doctest6detail19stringifyBinaryExprINSt7__cxx1112basic_stringIcSt11char_traitsIcESaIcEEEA3_cEENS_6StringERKT_PKcRKT0_
FN:1354,_ZN7doctest6detail19stringifyBinaryExprINSt7__cxx1112basic_stringIcSt11char_traitsIcESaIcEEEA6_cEENS_6StringERKT_PKcRKT0_
FN:1504,_ZN7doctest6detail14Expression_lhsIRiEC2ES2_NS_10assertType4EnumE
FN:1504,_ZN7doctest6detail14Expression_lhsIRNSt7__cxx1112basic_stringIcSt11char_traitsIcESaIcEEEEC2ES8_NS_10assertType4EnumE
FN:1527,_ZN7doctest6detail14Expression_lhsIRNSt7__cxx1112basic_stringIcSt11char_traitsIcESaIcEEEEeqIRA6_KcEEDTcmcvveqcl7declvalIS8_EEcl7declvalIT_EEcvNS0_6ResultEilEEOSE_
FN:1527,_ZN7doctest6detail14Expression_lhsIRNSt7__cxx1112basic_stringIcSt11char_traitsIcESaIcEEEEeqIRA3_KcEEDTcmcvveqcl7declvalIS8_EEcl7declvalIT_EEcvNS0_6ResultEilEEOSE_
FN:1527,_ZN7doctest6detail14Expression_lhsIRiEeqIiEEDTcmcvveqcl7declvalIS2_EEcl7declvalIT_EEcvNS0_6ResultEilEEOS5_
FN:1581,_ZN7doctest6detail20ExpressionDecomposerlsIRNSt7__cxx1112basic_stringIcSt11char_traitsIcESaIcEEEEENS0_14Expression_lhsIT_EEOSB_
FN:1581,_ZN7doctest6detail20ExpressionDecomposerlsIRiEENS0_14Expression_lhsIT_EEOS5_
FN:1644,_ZN7doctest6detail8TestCaseD2Ev
FN:2087,_ZN7doctest9IReporterC2Ev
FN:2104,_ZN7doctest6detail15reporterCreatorINS_12_GLOBAL__N_111XmlReporterEEEPNS_9IReporterERKNS_14ContextOptionsE
FN:2104,_ZN7doctest6detail15reporterCreatorINS_12_GLOBAL__N_113JUnitReporterEEEPNS_9IReporterERKNS_14ContextOptionsE
FN:2104,_ZN7doctest6detail15reporterCreatorINS_12_GLOBAL__N_115ConsoleReporterEEEPNS_9IReporterERKNS_14ContextOptionsE
FN:2110,_ZN7doctest16registerReporterINS_12_GLOBAL__N_113JUnitReporterEEEiPKcib
FN:2110,_ZN7doctest16registerReporterINS_12_GLOBAL__N_111XmlReporterEEEiPKcib
FN:2110,_ZN7doctest16registerReporterINS_12_GLOBAL__N_115ConsoleReporterEEEiPKcib
FN:3284,_ZN7doctest12_GLOBAL__N_115throw_exceptionISt11logic_errorEEvRKT_
FN:3307,_ZN7doctest12_GLOBAL__N_17stricmpEPKcS2_
FN:3341,_ZN7doctest6detail10._anon_1464pushEv
FN:3346,_ZN7doctest6detail10._anon_1463popEv
FN:3358,_ZN7doctest6detail8tlssPushEv
FN:3362,_ZN7doctest6detail7tlssPopEv
FN:3394,_ZN7doctest6detail15getCurrentTicksEv
FN:3403,_ZN7doctest6detail5Timer5startEv
FN:3410,_ZNK7doctest6detail5Timer17getElapsedSecondsEv
FN:3454,_ZN7doctest6detail15MultiLaneAtomicIiEppEi
FN:3456,_ZN7doctest6detail15MultiLaneAtomicIiE9fetch_addEiSt12memory_order
FN:3464,_ZNK7doctest6detail15MultiLaneAtomicIiEcviEv
FN:3466,_ZNK7doctest6detail15MultiLaneAtomicIiE4loadESt12memory_order
FN:3474,_ZN7doctest6detail15MultiLaneAtomicIiEaSEi
FN:3479,_ZN7doctest6detail15MultiLaneAtomicIiE5storeEiSt12memory_order
FN:3500,_ZN7doctest6detail15MultiLaneAtomicIiE8myAtomicEv
FN:3534,_ZN7doctest6detail12ContextState12resetRunDataEv
FN:3545,_ZN7doctest6detail12ContextState20finalizeTestCaseDataEv
FN:3598,_ZN7doctest6String8allocateEj
FN:3613,_ZN7doctest6String9setOnHeapEv
FN:3614,_ZN7doctest6String7setLastEj
FN:3615,_ZN7doctest6String7setSizeEj
FN:3620,_ZN7doctest6String4copyERKS0_
FN:3628,_ZN7doctest6StringC2Ev
FN:3633,_ZN7doctest6StringD2Ev
FN:3638,_ZN7doctest6StringC2EPKc
FN:3641,_ZN7doctest6StringC2EPKcj
FN:3645,_ZN7doctest6StringC2ERSij
FN:3649,_ZN7doctest6StringC2ERKS0_
FN:3651,_ZN7doctest6StringaSERKS0_
FN:3662,_ZN7doctest6StringpLERKS0_
FN:3712,_ZN7doctest6StringC2EOS0_
FN:3718,_ZN7doctest6StringaSEOS0_
FN:3729,_ZNK7doctest6StringixEj
FN:3733,_ZN7doctest6StringixEj
FN:3740,_ZNK7doctest6String4sizeEv
FN:3747,_ZNK7doctest6String8capacityEv
FN:3753,_ZNO7doctest6String6substrEjj
FN:3761,_ZNKR7doctest6String6substrEjj
FN:3766,_ZNK7doctest6String4findEcj
FN:3775,_ZNK7doctest6String5rfindEcj
FN:3783,_ZNK7doctest6String7compareEPKcb
FN:3789,_ZNK7doctest6String7compareERKS0_b
FN:3793,_ZN7doctestplERKNS_6StringES2_
FN:3795,_ZN7doctesteqERKNS_6StringES2_
FN:3796,_ZN7doctestneERKNS_6StringES2_
FN:3797,_ZN7doctestltERKNS_6StringES2_
FN:3798,_ZN7doctestgtERKNS_6StringES2_
FN:3799,_ZN7doctestleERKNS_6StringES2_
FN:3800,_ZN7doctestgeERKNS_6StringES2_
FN:3802,_ZN7doctestlsERSoRKNS_6StringE
FN:3804,_ZN7doctest8ContainsC2ERKNS_6StringE
FN:3806,_ZNK7doctest8Contains9checkWithERKNS_6StringE
FN:3810,_ZN7doctest8toStringERKNS_8ContainsE
FN:3814,_ZN7doctesteqERKNS_6StringERKNS_8ContainsE
FN:3815,_ZN7doctesteqERKNS_8ContainsERKNS_6StringE
FN:3816,_ZN7doctestneERKNS_6StringERKNS_8ContainsE
FN:3817,_ZN7doctestneERKNS_8ContainsERKNS_6StringE
FN:3824,_ZN7doctest5ColorlsERSoNS0_4EnumE
FN:3831,_ZN7doctest12assertStringENS_10assertType4EnumE
FN:3871,_ZN7doctest13failureStringENS_10assertType4EnumE
FN:3884,_ZN7doctest20skipPathFromFilenameEPKc
FN:3901,_ZNK7doctest16SubcaseSignatureeqERKS0_
FN:3907,_ZNK7doctest16SubcaseSignatureltERKS0_
FN:3915,_ZN7doctest13IContextScopeD0Ev
FN:3915,_ZN7doctest13IContextScopeD2Ev
FN:3918,_ZN7doctest6detail8filldataIPKvE4fillEPSoS3_
FN:3924,_ZN7doctest6detail11toStreamLitImEENS_6StringET_
FN:3924,_ZN7doctest6detail11toStreamLitIfEENS_6StringET_
FN:3924,_ZN7doctest6detail11toStreamLitIlEENS_6StringET_
FN:3924,_ZN7doctest6detail11toStreamLitIiEENS_6StringET_
FN:3924,_ZN7doctest6detail11toStreamLitIeEENS_6StringET_
FN:3924,_ZN7doctest6detail11toStreamLitIdEENS_6StringET_
FN:3924,_ZN7doctest6detail11toStreamLitIxEENS_6StringET_
FN:3924,_ZN7doctest6detail11toStreamLitItEENS_6StringET_
FN:3924,_ZN7doctest6detail11toStreamLitIjEENS_6StringET_
FN:3924,_ZN7doctest6detail11toStreamLitIsEENS_6StringET_
FN:3924,_ZN7doctest6detail11toStreamLitIyEENS_6StringET_
FN:3940,_ZN7doctest8toStringENS_6StringE
FN:3942,_ZN7doctest8toStringEDn
FN:3944,_ZN7doctest8toStringEb
FN:3946,_ZN7doctest8toStringEf
FN:3947,_ZN7doctest8toStringEd
FN:3948,_ZN7doctest8toStringEe
FN:3950,_ZN7doctest8toStringEc
FN:3951,_ZN7doctest8toStringEa
FN:3952,_ZN7doctest8toStringEh
FN:3953,_ZN7doctest8toStringEs
FN:3954,_ZN7doctest8toStringEt
FN:3955,_ZN7doctest8toStringEi
FN:3956,_ZN7doctest8toStringEj
FN:3957,_ZN7doctest8toStringEl
FN:3958,_ZN7doctest8toStringEm
FN:3959,_ZN7doctest8toStringEx
FN:3960,_ZN7doctest8toStringEy
FN:3962,_ZN7doctest6ApproxC2Ed
FN:3967,_ZNK7doctest6ApproxclEd
FN:3974,_ZN7doctest6Approx7epsilonEd
FN:3978,_ZN7doctest6Approx5scaleEd
FN:3983,_ZN7doctesteqEdRKNS_6ApproxE
FN:3988,_ZN7doctesteqERKNS_6ApproxEd
FN:3989,_ZN7doctestneEdRKNS_6ApproxE
FN:3990,_ZN7doctestneERKNS_6ApproxEd
FN:3991,_ZN7doctestleEdRKNS_6ApproxE
FN:3992,_ZN7doctestleERKNS_6ApproxEd
FN:3993,_ZN7doctestgeEdRKNS_6ApproxE
FN:3994,_ZN7doctestgeERKNS_6ApproxEd
FN:3995,_ZN7doctestltEdRKNS_6ApproxE
FN:3996,_ZN7doctestltERKNS_6ApproxEd
FN:3997,_ZN7doctestgtEdRKNS_6ApproxE
FN:3998,_ZN7doctestgtERKNS_6ApproxEd
FN:4000,_ZN7doctest8toStringERKNS_6ApproxE
FN:4003,_ZN7doctest17getContextOptionsEv
FN:4007,_ZNK7doctest5IsNaNIfEcvbEv
FN:4007,_ZNK7doctest5IsNaNIeEcvbEv
FN:4007,_ZNK7doctest5IsNaNIdEcvbEv
FN:4015,_ZN7doctest8toStringIfEENS_6StringENS_5IsNaNIT_EE
FN:4015,_ZN7doctest8toStringIeEENS_6StringENS_5IsNaNIT_EE
FN:4015,_ZN7doctest8toStringIdEENS_6StringENS_5IsNaNIT_EE
FN:4016,_ZN7doctest8toStringENS_5IsNaNIfEE
FN:4017,_ZN7doctest8toStringENS_5IsNaNIdEE
FN:4018,_ZN7doctest8toStringENS_5IsNaNIeEE
FN:4060,_ZN28doctest_detail_test_suite_ns19getCurrentTestSuiteEv
FN:4072,_ZN7doctest12_GLOBAL__N_112getReportersEv
FN:4076,_ZN7doctest12_GLOBAL__N_112getListenersEv
FN:4086,_ZN7doctest6detail18checkIfShouldThrowENS_10assertType4EnumE
FN:4100,_ZN7doctest6detail14throwExceptionEv
FN:4113,_ZN7doctest12_GLOBAL__N_17wildcmpEPKcS2_b
FN:4150,_ZN7doctest12_GLOBAL__N_110matchesAnyEPKcRKSt6vectorINS_6StringESaIS4_EEbb
FN:4161,_ZN7doctest12_GLOBAL__N_14hashEyy
FN:4167,_ZN7doctest12_GLOBAL__N_14hashEPKc
FN:4175,_ZN7doctest12_GLOBAL__N_14hashERKNS_16SubcaseSignatureE
FN:4179,_ZN7doctest12_GLOBAL__N_14hashERKSt6vectorINS_16SubcaseSignatureESaIS2_EEm
FN:4188,_ZN7doctest12_GLOBAL__N_14hashERKSt6vectorINS_16SubcaseSignatureESaIS2_EE
FN:4197,_ZN7doctest6detail7Subcase12checkFiltersEv
FN:4207,_ZN7doctest6detail7SubcaseC2ERKNS_6StringEPKci
FN:4243,_ZN7doctest6detail7SubcaseD2Ev
FN:4279,_ZNK7doctest6detail7SubcasecvbEv
FN:4281,_ZN7doctest6detail6ResultC2EbRKNS_6StringE
FN:4285,_ZN7doctest6detail20ExpressionDecomposerC2ENS_10assertType4EnumE
FN:4288,_ZN7doctest6detail9TestSuitemlEPKc
FN:4293,_ZN7doctest6detail8TestCaseC2EPFvvEPKcjRKNS0_9TestSuiteERKNS_6StringEi
FN:4313,_ZN7doctest6detail8TestCaseC2ERKS1_
FN:4319,_ZN7doctest6detail8TestCaseaSERKS1_
FN:4332,_ZN7doctest6detail8TestCasemlEPKc
FN:4343,_ZNK7doctest6detail8TestCaseltERKS1_
FN:4357,_ZN7doctest6detail18getRegisteredTestsEv
FN:4365,_ZN7doctest12_GLOBAL__N_119fileOrderComparatorEPKNS_6detail8TestCaseES4_
FN:4377,_ZN7doctest12_GLOBAL__N_120suiteOrderComparatorEPKNS_6detail8TestCaseES4_
FN:4385,_ZN7doctest12_GLOBAL__N_119nameOrderComparatorEPKNS_6detail8TestCaseES4_
FN:4393,_ZN7doctest12_GLOBAL__N_115color_to_streamERSoNS_5Color4EnumE
FN:4468,_ZN7doctest12_GLOBAL__N_123getExceptionTranslatorsEv
FN:4473,_ZN7doctest12_GLOBAL__N_124translateActiveExceptionEv
FN:4503,_ZN7doctest6detail7regTestERKNS0_8TestCaseE
FN:4509,_ZN7doctest6detail12setTestSuiteERKNS0_9TestSuiteE
FN:4520,_ZN7doctest6detail10ErrnoGuardC2Ev
FN:4521,_ZN7doctest6detail10ErrnoGuardD2Ev
FN:4527,_ZN7doctest6detail16isDebuggerActiveEv
FN:4572,_ZN7doctest6detail31registerExceptionTranslatorImplEPKNS0_20IExceptionTranslatorE
FN:4580,_ZN7doctest6detail16ContextScopeBaseC2Ev
FN:4584,_ZN7doctest6detail16ContextScopeBaseC2EOS1_
FN:4599,_ZN7doctest6detail16ContextScopeBase7destroyEv
FN:4800,_ZN7doctest12_GLOBAL__N_121FatalConditionHandler12handleSignalEi
FN:4814,_ZN7doctest12_GLOBAL__N_121FatalConditionHandler19allocateAltStackMemEv
FN:4818,_ZN7doctest12_GLOBAL__N_121FatalConditionHandler15freeAltStackMemEv
FN:4822,_ZN7doctest12_GLOBAL__N_121FatalConditionHandlerC2Ev
FN:4837,_ZN7doctest12_GLOBAL__N_121FatalConditionHandlerD2Ev
FN:4838,_ZN7doctest12_GLOBAL__N_121FatalConditionHandler5resetEv
FN:4872,_ZN7doctest12_GLOBAL__N_19addAssertENS_10assertType4EnumE
FN:4877,_ZN7doctest12_GLOBAL__N_115addFailedAssertENS_10assertType4EnumE
FN:4883,_ZN7doctest12_GLOBAL__N_111reportFatalERKNSt7__cxx1112basic_stringIcSt11char_traitsIcESaIcEEE
FN:4902,_ZN7doctest10AssertDataC2ENS_10assertType4EnumEPKciS4_S4_RKNS0_14StringContainsE
FN:4914,_ZN7doctest6detail13ResultBuilderC2ENS_10assertType4EnumEPKciS5_S5_RKNS_6StringE
FN:4918,_ZN7doctest6detail13ResultBuilderC2ENS_10assertType4EnumEPKciS5_S5_RKNS_8ContainsE
FN:4922,_ZN7doctest6detail13ResultBuilder9setResultERKNS0_6ResultE
FN:4927,_ZN7doctest6detail13ResultBuilder18translateExceptionEv
FN:4932,_ZN7doctest6detail13ResultBuilder3logEv
FN:4962,_ZNK7doctest6detail13ResultBuilder5reactEv
FN:4967,_ZN7doctest6detail31failed_out_of_a_testing_contextERKNS_10AssertDataE
FN:4974,_ZN7doctest6detail13decomp_assertENS_10assertType4EnumEPKciS4_RKNS0_6ResultE
FN:4987,_ZN7doctest6detail14MessageBuilderC2EPKciNS_10assertType4EnumE
FN:4994,_ZN7doctest6detail14MessageBuilderD2Ev
FN:4999,_ZN7doctest6detail20IExceptionTranslatorD2Ev
FN:4999,_ZN7doctest6detail20IExceptionTranslatorD0Ev
FN:5001,_ZN7doctest6detail14MessageBuilder3logEv
FN:5021,_ZN7doctest6detail14MessageBuilder5reactEv
FN:5066,_ZN7doctest12_GLOBAL__N_19XmlWriter13ScopedElement14writeAttributeIiEERS2_RKNSt7__cxx1112basic_stringIcSt11char_traitsIcESaIcEEERKT_
FN:5066,_ZN7doctest12_GLOBAL__N_19XmlWriter13ScopedElement14writeAttributeIPKcEERS2_RKNSt7__cxx1112basic_stringIcSt11char_traitsIcESaIcEEERKT_
FN:5066,_ZN7doctest12_GLOBAL__N_19XmlWriter13ScopedElement14writeAttributeINS_6StringEEERS2_RKNSt7__cxx1112basic_stringIcSt11char_traitsIcESaIcEEERKT_
FN:5066,_ZN7doctest12_GLOBAL__N_19XmlWriter13ScopedElement14writeAttributeINSt7__cxx1112basic_stringIcSt11char_traitsIcESaIcEEEEERS2_RKS9_RKT_
FN:5066,_ZN7doctest12_GLOBAL__N_19XmlWriter13ScopedElement14writeAttributeIbEERS2_RKNSt7__cxx1112basic_stringIcSt11char_traitsIcESaIcEEERKT_
FN:5066,_ZN7doctest12_GLOBAL__N_19XmlWriter13ScopedElement14writeAttributeIjEERS2_RKNSt7__cxx1112basic_stringIcSt11char_traitsIcESaIcEEERKT_
FN:5098,_ZN7doctest12_GLOBAL__N_19XmlWriter14writeAttributeIiEERS1_RKNSt7__cxx1112basic_stringIcSt11char_traitsIcESaIcEEERKT_
FN:5098,_ZN7doctest12_GLOBAL__N_19XmlWriter14writeAttributeIjEERS1_RKNSt7__cxx1112basic_stringIcSt11char_traitsIcESaIcEEERKT_
FN:5098,_ZN7doctest12_GLOBAL__N_19XmlWriter14writeAttributeIdEERS1_RKNSt7__cxx1112basic_stringIcSt11char_traitsIcESaIcEEERKT_
FN:5098,_ZN7doctest12_GLOBAL__N_19XmlWriter14writeAttributeINS_6StringEEERS1_RKNSt7__cxx1112basic_stringIcSt11char_traitsIcESaIcEEERKT_
FN:5136,_ZN7doctest12_GLOBAL__N_112_GLOBAL__N_113trailingBytesEh
FN:5149,_ZN7doctest12_GLOBAL__N_112_GLOBAL__N_111headerValueEh
FN:5162,_ZN7doctest12_GLOBAL__N_112_GLOBAL__N_113hexEscapeCharERSoh
FN:5172,_ZN7doctest12_GLOBAL__N_19XmlEncodeC2ERKNSt7__cxx1112basic_stringIcSt11char_traitsIcESaIcEEENS1_7ForWhatE
FN:5177,_ZNK7doctest12_GLOBAL__N_19XmlEncode8encodeToERSo
FN:5271,_ZN7doctest12_GLOBAL__N_1lsERSoRKNS0_9XmlEncodeE
FN:5276,_ZN7doctest12_GLOBAL__N_19XmlWriter13ScopedElementC2EPS1_
FN:5280,_ZN7doctest12_GLOBAL__N_19XmlWriter13ScopedElementC2EOS2_
FN:5284,_ZN7doctest12_GLOBAL__N_19XmlWriter13ScopedElementaSEOS2_
FN:5294,_ZN7doctest12_GLOBAL__N_19XmlWriter13ScopedElementD2Ev
FN:5299,_ZN7doctest12_GLOBAL__N_19XmlWriter13ScopedElement9writeTextERKNSt7__cxx1112basic_stringIcSt11char_traitsIcESaIcEEEb
FN:5304,_ZN7doctest12_GLOBAL__N_19XmlWriterC2ERSo
FN:5309,_ZN7doctest12_GLOBAL__N_19XmlWriterD2Ev
FN:5314,_ZN7doctest12_GLOBAL__N_19XmlWriter12startElementERKNSt7__cxx1112basic_stringIcSt11char_traitsIcESaIcEEE
FN:5324,_ZN7doctest12_GLOBAL__N_19XmlWriter13scopedElementERKNSt7__cxx1112basic_stringIcSt11char_traitsIcESaIcEEE
FN:5330,_ZN7doctest12_GLOBAL__N_19XmlWriter10endElementEv
FN:5345,_ZN7doctest12_GLOBAL__N_19XmlWriter14writeAttributeERKNSt7__cxx1112basic_stringIcSt11char_traitsIcESaIcEEES9_
FN:5351,_ZN7doctest12_GLOBAL__N_19XmlWriter14writeAttributeERKNSt7__cxx1112basic_stringIcSt11char_traitsIcESaIcEEEPKc
FN:5357,_ZN7doctest12_GLOBAL__N_19XmlWriter14writeAttributeERKNSt7__cxx1112basic_stringIcSt11char_traitsIcESaIcEEEb
FN:5362,_ZN7doctest12_GLOBAL__N_19XmlWriter9writeTextERKNSt7__cxx1112basic_stringIcSt11char_traitsIcESaIcEEEb
FN:5391,_ZN7doctest12_GLOBAL__N_19XmlWriter15ensureTagClosedEv
FN:5398,_ZN7doctest12_GLOBAL__N_19XmlWriter16writeDeclarationEv
FN:5402,_ZN7doctest12_GLOBAL__N_19XmlWriter18newlineIfNecessaryEv
FN:5424,_ZN7doctest12_GLOBAL__N_111XmlReporterC2ERKNS_14ContextOptionsE
FN:5428,_ZN7doctest12_GLOBAL__N_111XmlReporter12log_contextsEv
FN:5441,_ZNK7doctest12_GLOBAL__N_111XmlReporter4lineEj
FN:5443,_ZN7doctest12_GLOBAL__N_111XmlReporter20test_case_start_implERKNS_12TestCaseDataE
FN:5479,_ZN7doctest12_GLOBAL__N_111XmlReporter12report_queryERKNS_9QueryDataE
FN:5511,_ZN7doctest12_GLOBAL__N_111XmlReporter14test_run_startEv
FN:5538,_ZN7doctest12_GLOBAL__N_111XmlReporter12test_run_endERKNS_12TestRunStatsE
FN:5557,_ZN7doctest12_GLOBAL__N_111XmlReporter15test_case_startERKNS_12TestCaseDataE
FN:5562,_ZN7doctest12_GLOBAL__N_111XmlReporter17test_case_reenterERKNS_12TestCaseDataE
FN:5564,_ZN7doctest12_GLOBAL__N_111XmlReporter13test_case_endERKNS_20CurrentTestCaseStatsE
FN:5579,_ZN7doctest12_GLOBAL__N_111XmlReporter19test_case_exceptionERKNS_17TestCaseExceptionE
FN:5587,_ZN7doctest12_GLOBAL__N_111XmlReporter13subcase_startERKNS_16SubcaseSignatureE
FN:5595,_ZN7doctest12_GLOBAL__N_111XmlReporter11subcase_endEv
FN:5597,_ZN7doctest12_GLOBAL__N_111XmlReporter10log_assertERKNS_10AssertDataE
FN:5626,_ZN7doctest12_GLOBAL__N_111XmlReporter11log_messageERKNS_11MessageDataE
FN:5641,_ZN7doctest12_GLOBAL__N_111XmlReporter17test_case_skippedERKNS_12TestCaseDataE
FN:5652,_ZN7doctest12_GLOBAL__N_129fulltext_log_assert_to_streamERSoRKNS_10AssertDataE
FN:5718,_ZN7doctest12_GLOBAL__N_113JUnitReporter17JUnitTestCaseData19getCurrentTimestampEv
FN:5741,_ZN7doctest12_GLOBAL__N_113JUnitReporter17JUnitTestCaseData16JUnitTestMessageC2ERKNSt7__cxx1112basic_stringIcSt11char_traitsIcESaIcEEESB_SB_
FN:5744,_ZN7doctest12_GLOBAL__N_113JUnitReporter17JUnitTestCaseData16JUnitTestMessageC2ERKNSt7__cxx1112basic_stringIcSt11char_traitsIcESaIcEEESB_
FN:5752,_ZN7doctest12_GLOBAL__N_113JUnitReporter17JUnitTestCaseData13JUnitTestCaseC2ERKNSt7__cxx1112basic_stringIcSt11char_traitsIcESaIcEEESB_
FN:5760,_ZN7doctest12_GLOBAL__N_113JUnitReporter17JUnitTestCaseData3addERKNSt7__cxx1112basic_stringIcSt11char_traitsIcESaIcEEESA_
FN:5764,_ZN7doctest12_GLOBAL__N_113JUnitReporter17JUnitTestCaseData32appendSubcaseNamesToLastTestcaseESt6vectorINS_6StringESaIS4_EE
FN:5770,_ZN7doctest12_GLOBAL__N_113JUnitReporter17JUnitTestCaseData7addTimeEd
FN:5777,_ZN7doctest12_GLOBAL__N_113JUnitReporter17JUnitTestCaseData10addFailureERKNSt7__cxx1112basic_stringIcSt11char_traitsIcESaIcEEESA_SA_
FN:5782,_ZN7doctest12_GLOBAL__N_113JUnitReporter17JUnitTestCaseData8addErrorERKNSt7__cxx1112basic_stringIcSt11char_traitsIcESaIcEEESA_
FN:5798,_ZN7doctest12_GLOBAL__N_113JUnitReporterC2ERKNS_14ContextOptionsE
FN:5802,_ZNK7doctest12_GLOBAL__N_113JUnitReporter4lineEj
FN:5808,_ZN7doctest12_GLOBAL__N_113JUnitReporter12report_queryERKNS_9QueryDataE
FN:5812,_ZN7doctest12_GLOBAL__N_113JUnitReporter14test_run_startEv
FN:5816,_ZN7doctest12_GLOBAL__N_113JUnitReporter12test_run_endERKNS_12TestRunStatsE
FN:5863,_ZN7doctest12_GLOBAL__N_113JUnitReporter15test_case_startERKNS_12TestCaseDataE
FN:5868,_ZN7doctest12_GLOBAL__N_113JUnitReporter17test_case_reenterERKNS_12TestCaseDataE
FN:5877,_ZN7doctest12_GLOBAL__N_113JUnitReporter13test_case_endERKNS_20CurrentTestCaseStatsE
FN:5883,_ZN7doctest12_GLOBAL__N_113JUnitReporter19test_case_exceptionERKNS_17TestCaseExceptionE
FN:5888,_ZN7doctest12_GLOBAL__N_113JUnitReporter13subcase_startERKNS_16SubcaseSignatureE
FN:5892,_ZN7doctest12_GLOBAL__N_113JUnitReporter11subcase_endEv
FN:5894,_ZN7doctest12_GLOBAL__N_113JUnitReporter10log_assertERKNS_10AssertDataE
FN:5909,_ZN7doctest12_GLOBAL__N_113JUnitReporter11log_messageERKNS_11MessageDataE
FN:5926,_ZN7doctest12_GLOBAL__N_113JUnitReporter17test_case_skippedERKNS_12TestCaseDataE
FN:5928,_ZN7doctest12_GLOBAL__N_113JUnitReporter12log_contextsERNSt7__cxx1119basic_ostringstreamIcSt11char_traitsIcESaIcEEE
FN:5948,_ZN7doctest12_GLOBAL__N_110WhitespaceC2Ei
FN:5952,_ZN7doctest12_GLOBAL__N_1lsERSoRKNS0_10WhitespaceE
FN:5970,_ZN7doctest12_GLOBAL__N_115ConsoleReporterC2ERKNS_14ContextOptionsE
FN:5982,_ZN7doctest12_GLOBAL__N_115ConsoleReporter19separator_to_streamEv
FN:5988,_ZN7doctest12_GLOBAL__N_115ConsoleReporter22getSuccessOrFailStringEbNS_10assertType4EnumEPKc
FN:5995,_ZN7doctest12_GLOBAL__N_115ConsoleReporter21getSuccessOrFailColorEbNS_10assertType4EnumE
FN:6000,_ZN7doctest12_GLOBAL__N_115ConsoleReporter34successOrFailColoredStringToStreamEbNS_10assertType4EnumEPKc
FN:6006,_ZN7doctest12_GLOBAL__N_115ConsoleReporter12log_contextsEv
FN:6023,_ZN7doctest12_GLOBAL__N_115ConsoleReporter19file_line_to_streamEPKciS3_
FN:6030,_ZN7doctest12_GLOBAL__N_115ConsoleReporter12logTestStartEv
FN:6062,_ZN7doctest12_GLOBAL__N_115ConsoleReporter12printVersionEv
FN:6068,_ZN7doctest12_GLOBAL__N_115ConsoleReporter10printIntroEv
FN:6076,_ZN7doctest12_GLOBAL__N_115ConsoleReporter9printHelpEv
FN:6193,_ZN7doctest12_GLOBAL__N_115ConsoleReporter24printRegisteredReportersEv
FN:6195,_ZZN7doctest12_GLOBAL__N_115ConsoleReporter24printRegisteredReportersEvENKUlRKSt3mapISt4pairIiNS_6StringEEPFPNS_9IReporterERKNS_14ContextOptionsEESt4lessIS5_ESaIS3_IKS5_SC_EEEPKcE_clESK_SM_
FN:6211,_ZN7doctest12_GLOBAL__N_115ConsoleReporter12report_queryERKNS_9QueryDataE
FN:6252,_ZN7doctest12_GLOBAL__N_115ConsoleReporter14test_run_startEv
FN:6257,_ZN7doctest12_GLOBAL__N_115ConsoleReporter12test_run_endERKNS_12TestRunStatsE
FN:6292,_ZN7doctest12_GLOBAL__N_115ConsoleReporter15test_case_startERKNS_12TestCaseDataE
FN:6299,_ZN7doctest12_GLOBAL__N_115ConsoleReporter17test_case_reenterERKNS_12TestCaseDataE
FN:6303,_ZN7doctest12_GLOBAL__N_115ConsoleReporter13test_case_endERKNS_20CurrentTestCaseStatsE
FN:6340,_ZN7doctest12_GLOBAL__N_115ConsoleReporter19test_case_exceptionERKNS_17TestCaseExceptionE
FN:6365,_ZN7doctest12_GLOBAL__N_115ConsoleReporter13subcase_startERKNS_16SubcaseSignatureE
FN:6371,_ZN7doctest12_GLOBAL__N_115ConsoleReporter11subcase_endEv
FN:6376,_ZN7doctest12_GLOBAL__N_115ConsoleReporter10log_assertERKNS_10AssertDataE
FN:6392,_ZN7doctest12_GLOBAL__N_115ConsoleReporter11log_messageERKNS_11MessageDataE
FN:6408,_ZN7doctest12_GLOBAL__N_115ConsoleReporter17test_case_skippedERKNS_12TestCaseDataE
FN:6450,_ZN7doctest12_GLOBAL__N_115parseOptionImplEiPKPKcS2_PNS_6StringE
FN:6485,_ZN7doctest12_GLOBAL__N_111parseOptionEiPKPKcS2_PNS_6StringERKS5_
FN:6498,_ZN7doctest12_GLOBAL__N_19parseFlagEiPKPKcS2_
FN:6503,_ZN7doctest12_GLOBAL__N_117parseCommaSepArgsEiPKPKcS2_RSt6vectorINS_6StringESaIS6_EE
FN:6509,_ZZN7doctest12_GLOBAL__N_117parseCommaSepArgsEiPKPKcS2_RSt6vectorINS_6StringESaIS6_EEENKUlvE_clEv
FN:6555,_ZN7doctest12_GLOBAL__N_114parseIntOptionEiPKPKcS2_NS0_10optionTypeERi
FN:6590,_ZN7doctest7ContextC2EiPKPKc
FN:6597,_ZN7doctest7ContextD2Ev
FN:6603,_ZN7doctest7Context16applyCommandLineEiPKPKc
FN:6610,_ZN7doctest7Context9parseArgsEiPKPKcb
FN:6736,_ZN7doctest7Context9addFilterEPKcS2_
FN:6739,_ZN7doctest7Context12clearFiltersEv
FN:6745,_ZN7doctest7Context9setOptionEPKcb
FN:6750,_ZN7doctest7Context9setOptionEPKci
FN:6755,_ZN7doctest7Context9setOptionEPKcS2_
FN:6762,_ZN7doctest7Context10shouldExitEv
FN:6764,_ZN7doctest7Context36setAsDefaultForAssertsOutOfTestCasesEv
FN:6766,_ZN7doctest7Context16setAssertHandlerEPFvRKNS_10AssertDataEE
FN:6768,_ZN7doctest7Context7setCoutEPSo
FN:6780,_ZN7doctest14DiscardOStreamUt_6xsputnEPKcl
FN:6782,_ZN7doctest14DiscardOStreamUt_8overflowEi
FN:6789,_ZN7doctest14DiscardOStreamC1Ev
FN:6794,_ZN7doctest7Context3runEv
FN:6826,_ZZN7doctest7Context3runEvENKUlvE_clEv
FN:7058,_ZN7doctest9IReporterD0Ev
FN:7058,_ZN7doctest9IReporterD2Ev
FN:7060,_ZN7doctest9IReporter23get_num_active_contextsEv
FN:7061,_ZN7doctest9IReporter19get_active_contextsEv
FN:7065,_ZN7doctest9IReporter28get_num_stringified_contextsEv
FN:7066,_ZN7doctest9IReporter24get_stringified_contextsEv
FN:7071,_ZN7doctest6detail20registerReporterImplEPKciPFPNS_9IReporterERKNS_14ContextOptionsEEb
FN:7085,main
FNDA:8,_ZN7doctest6detail7forwardIiEEOT_RNS0_5types16remove_referenceIS2_E4typeE
FNDA:0,_ZN7doctest12_GLOBAL__N_113JUnitReporter17JUnitTestCaseData16JUnitTestMessageC2ERKNSt7__cxx1112basic_stringIcSt11char_traitsIcESaIcEEESB_SB_
FNDA:0,_ZN7doctest12_GLOBAL__N_14hashERKNS_16SubcaseSignatureE
FNDA:0,_ZN7doctest12_GLOBAL__N_14hashERKSt6vectorINS_16SubcaseSignatureESaIS2_EEm
FNDA:2,_ZN7doctest16registerReporterINS_12_GLOBAL__N_113JUnitReporterEEEiPKcib
FNDA:0,_ZNK7doctest5IsNaNIfEntEv
FNDA:16,_ZN7doctest6detail15MultiLaneAtomicIiEppEi
FNDA:0,_ZN7doctest12_GLOBAL__N_14hashEPKc
FNDA:0,_ZNK7doctest6String5rfindEcj
FNDA:16,_ZN7doctest6detail15MultiLaneAtomicIiE9fetch_addEiSt12memory_order
FNDA:0,_ZN7doctest6detail19stringifyBinaryExprIiiEENS_6StringERKT_PKcRKT0_
FNDA:0,_ZN7doctest8toStringEx
FNDA:6,_ZN7doctest6detail7forwardIRA6_KcEEOT_RNS0_5types16remove_referenceIS5_E4typeE
FNDA:8,_ZN7doctest12_GLOBAL__N_112getReportersEv
FNDA:54,_ZN7doctest12_GLOBAL__N_110matchesAnyEPKcRKSt6vectorINS_6StringESaIS4_EEbb
FNDA:2,_ZN7doctest12_GLOBAL__N_121FatalConditionHandler15freeAltStackMemEv
FNDA:0,_ZN7doctest12_GLOBAL__N_111XmlReporter14test_run_startEv
FNDA:0,_ZNK7doctest5IsNaNIeEntEv
FNDA:54,_ZN7doctest12_GLOBAL__N_115color_to_streamERSoNS_5Color4EnumE
FNDA:0,_ZN7doctestltEdRKNS_6ApproxE
FNDA:0,_ZN7doctest20skipPathFromFilenameEPKc
FNDA:16,_ZN7doctest12_GLOBAL__N_121FatalConditionHandler5resetEv
FNDA:8,_ZN7doctest12_GLOBAL__N_115ConsoleReporter13test_case_endERKNS_20CurrentTestCaseStatsE
FNDA:0,_ZN7doctest8toStringERKNS_8ContainsE
FNDA:0,_ZN7doctestleERKNS_6ApproxEd
FNDA:0,_ZN7doctest12_GLOBAL__N_111XmlReporter12log_contextsEv
FNDA:0,_ZN7doctest6detail16ContextScopeBaseC2EOS1_
FNDA:0,_ZN7doctestgeEdRKNS_6ApproxE
FNDA:258,_ZN7doctest12_GLOBAL__N_111parseOptionEiPKPKcS2_PNS_6StringERKS5_
FNDA:0,_ZN7doctest12_GLOBAL__N_111XmlReporter10log_assertERKNS_10AssertDataE
FNDA:0,_ZN7doctest6detail14MessageBuilder5reactEv
FNDA:0,_ZN7doctest8toStringEa
FNDA:0,_ZN7doctest12_GLOBAL__N_14hashERKSt6vectorINS_16SubcaseSignatureESaIS2_EE
FNDA:0,_ZNK7doctest6String4findEcj
FNDA:1162,_ZNK7doctest6String9isOnStackEv
FNDA:0,_ZN7doctest6detail8filldataIA6_KcE4fillEPSoRS3_
FNDA:0,_ZN7doctest12_GLOBAL__N_113JUnitReporter17JUnitTestCaseData8addErrorERKNSt7__cxx1112basic_stringIcSt11char_traitsIcESaIcEEESA_
FNDA:606,_ZN7doctest6StringD2Ev
FNDA:0,_ZN7doctest13IContextScopeD0Ev
FNDA:0,_ZN7doctest12_GLOBAL__N_113JUnitReporter17JUnitTestCaseData32appendSubcaseNamesToLastTestcaseESt6vectorINS_6StringESaIS4_EE
FNDA:0,_ZN7doctest9IReporter19get_active_contextsEv
FNDA:2,_ZN7doctest7Context9parseArgsEiPKPKcb
FNDA:10,_ZN7doctestltERKNS_6StringES2_
FNDA:0,_ZN7doctest6detail16ContextScopeBaseC2Ev
FNDA:2,_ZN7doctest7ContextD2Ev
FNDA:0,_ZN7doctest12_GLOBAL__N_115addFailedAssertENS_10assertType4EnumE
FNDA:0,_ZN7doctest12_GLOBAL__N_115ConsoleReporter17test_case_reenterERKNS_12TestCaseDataE
FNDA:18,_ZNK7doctest6String4sizeEv
FNDA:0,_ZN7doctest12_GLOBAL__N_111XmlReporter13subcase_startERKNS_16SubcaseSignatureE
FNDA:0,_ZN7doctest6detail20IExceptionTranslatorD0Ev
FNDA:0,_ZN7doctest6detail20IExceptionTranslatorD2Ev
FNDA:6,_ZN7doctest6detail20registerReporterImplEPKciPFPNS_9IReporterERKNS_14ContextOptionsEEb
FNDA:0,_ZN7doctest12_GLOBAL__N_115ConsoleReporter19test_case_exceptionERKNS_17TestCaseExceptionE
FNDA:0,_ZN7doctest12_GLOBAL__N_115ConsoleReporter24printRegisteredReportersEv
FNDA:16,_ZN7doctest12_GLOBAL__N_19addAssertENS_10assertType4EnumE
FNDA:0,_ZN7doctest6detail15reporterCreatorINS_12_GLOBAL__N_111XmlReporterEEEPNS_9IReporterERKNS_14ContextOptionsE
FNDA:16,_ZN7doctest6detail13ResultBuilder9setResultERKNS0_6ResultE
FNDA:0,_ZN7doctest12_GLOBAL__N_19XmlWriter13ScopedElement14writeAttributeIiEERS2_RKNSt7__cxx1112basic_stringIcSt11char_traitsIcESaIcEEERKT_
FNDA:0,_ZN7doctest12_GLOBAL__N_113JUnitReporter17JUnitTestCaseData16JUnitTestMessageC2ERKNSt7__cxx1112basic_stringIcSt11char_traitsIcESaIcEEESB_
FNDA:16,_ZN7doctest6detail15MultiLaneAtomicIiE8myAtomicEv
FNDA:8,_ZN7doctest6detail8TestCasemlEPKc
FNDA:0,_ZN7doctest12_GLOBAL__N_115ConsoleReporter11subcase_endEv
FNDA:0,_ZN7doctesteqERKNS_8ContainsERKNS_6StringE
FNDA:0,_ZNK7doctest10AssertData14StringContains5c_strEv
FNDA:0,_ZN7doctestneEdRKNS_6ApproxE
FNDA:0,_ZN7doctest12_GLOBAL__N_111XmlReporter20test_case_start_implERKNS_12TestCaseDataE
FNDA:0,_ZN7doctestgtERKNS_6ApproxEd
FNDA:8,_ZN7doctest6detail12ContextState20finalizeTestCaseDataEv
FNDA:0,_ZN7doctest6detail16ContextScopeBase7destroyEv
FNDA:516,_ZN7doctest12_GLOBAL__N_115parseOptionImplEiPKPKcS2_PNS_6StringE
FNDA:0,_ZN7doctest8toStringEh
FNDA:0,_ZN7doctest12_GLOBAL__N_111XmlReporter17test_case_skippedERKNS_12TestCaseDataE
FNDA:0,_ZN7doctest12_GLOBAL__N_112_GLOBAL__N_111headerValueEh
FNDA:16,_ZN7doctest12_GLOBAL__N_115ConsoleReporter10log_assertERKNS_10AssertDataE
FNDA:0,_ZN7doctest12_GLOBAL__N_19XmlWriterD2Ev
FNDA:0,_ZN7doctest6detail7SubcaseD2Ev
FNDA:0,_ZN7doctest12_GLOBAL__N_113JUnitReporter11subcase_endEv
FNDA:24,_ZNK7doctest6String7compareEPKcb
FNDA:0,_ZN7doctesteqERKNS_6ApproxEd
FNDA:0,_ZN7doctest14DiscardOStreamUt_6xsputnEPKcl
FNDA:0,_ZN7doctest12_GLOBAL__N_111XmlReporter12test_run_endERKNS_12TestRunStatsE
FNDA:0,_ZN7doctest9IReporter28get_num_stringified_contextsEv
FNDA:16,_ZN7doctest6detail8TestCaseD2Ev
FNDA:2,_ZN7doctest16registerReporterINS_12_GLOBAL__N_111XmlReporterEEEiPKcib
FNDA:0,_ZNK7doctest5IsNaNIfEcvbEv
FNDA:0,_ZN7doctest14DiscardOStreamUt_8overflowEi
FNDA:0,_ZN7doctest12_GLOBAL__N_19XmlWriter13ScopedElementD2Ev
FNDA:0,_ZN7doctest8toStringIfEENS_6StringENS_5IsNaNIT_EE
FNDA:0,_ZN7doctest6detail13decomp_assertENS_10assertType4EnumEPKciS4_RKNS0_6ResultE
FNDA:8,_ZN7doctest6detail7forwardIRiEEOT_RNS0_5types16remove_referenceIS3_E4typeE
FNDA:0,_ZN7doctest12_GLOBAL__N_19XmlWriter15ensureTagClosedEv
FNDA:32,_ZNK7doctest6detail15MultiLaneAtomicIiEcviEv
FNDA:0,_ZN7doctest12_GLOBAL__N_19XmlWriter13ScopedElement9writeTextERKNSt7__cxx1112basic_stringIcSt11char_traitsIcESaIcEEEb
FNDA:0,_ZN7doctest12_GLOBAL__N_19XmlWriter14writeAttributeIiEERS1_RKNSt7__cxx1112basic_stringIcSt11char_traitsIcESaIcEEERKT_
FNDA:0,_ZNK7doctest5IsNaNIeEcvbEv
FNDA:0,_ZNK7doctest16SubcaseSignatureltERKS0_
FNDA:0,_ZN7doctest12_GLOBAL__N_113JUnitReporter17test_case_skippedERKNS_12TestCaseDataE
FNDA:16,_ZN7doctest6detailL7consumeEPKii
FNDA:8,_ZN7doctest12_GLOBAL__N_115ConsoleReporter15test_case_startERKNS_12TestCaseDataE
FNDA:2,_ZN7doctest7ContextC2EiPKPKc
FNDA:0,_ZN7doctest12_GLOBAL__N_115ConsoleReporter12logTestStartEv
FNDA:254,_ZN7doctest6String4copyERKS0_
FNDA:2,_ZN7doctest6detail9TestSuitemlEPKc
FNDA:0,_ZN7doctest12_GLOBAL__N_115ConsoleReporter13subcase_startERKNS_16SubcaseSignatureE
FNDA:8,_ZN7doctest6StringC2EOS0_
FNDA:0,_ZN7doctest6detail7fillossIcLm3EEEvPSoRAT0__KT_
FNDA:0,_ZN7doctestneERKNS_6StringES2_
FNDA:0,_ZN7doctest6detail11toStreamLitImEENS_6StringET_
FNDA:8,_ZN7doctest12_GLOBAL__N_121FatalConditionHandlerD2Ev
FNDA:0,_ZN7doctest8toStringENS_6StringE
FNDA:2,_ZN7doctest6detail12setTestSuiteERKNS0_9TestSuiteE
FNDA:0,_ZN7doctest12_GLOBAL__N_111XmlReporterC2ERKNS_14ContextOptionsE
FNDA:0,_ZN7doctest12_GLOBAL__N_14hashEyy
FNDA:0,_ZN7doctest6detail16isDebuggerActiveEv
FNDA:0,_ZN7doctest12_GLOBAL__N_111XmlReporter17test_case_reenterERKNS_12TestCaseDataE
FNDA:16,_ZN7doctest8ContainsC2ERKNS_6StringE
FNDA:0,_ZN7doctest8toStringIeEENS_6StringENS_5IsNaNIT_EE
FNDA:0,_ZN7doctest7Context16setAssertHandlerEPFvRKNS_10AssertDataEE
FNDA:0,_ZN7doctestlsERSoRKNS_6StringE
FNDA:0,_ZN7doctest8toStringENS_5IsNaNIdEE
FNDA:0,_ZNK7doctest6detail7SubcasecvbEv
FNDA:2,_ZN7doctest12_GLOBAL__N_121FatalConditionHandler19allocateAltStackMemEv
FNDA:0,_ZN7doctest12_GLOBAL__N_19XmlWriter12startElementERKNSt7__cxx1112basic_stringIcSt11char_traitsIcESaIcEEE
FNDA:0,_ZN7doctest6detail13ResultBuilder18translateExceptionEv
FNDA:0,_ZN7doctest12_GLOBAL__N_1lsERSoRKNS0_10WhitespaceE
FNDA:0,_ZNKR7doctest6String6substrEjj
FNDA:54,_ZN7doctest6StringC2ERKS0_
FNDA:16,_ZN7doctest6detail15getCurrentTicksEv
FNDA:0,_ZN7doctest8toStringEm
FNDA:0,_ZN7doctest12_GLOBAL__N_113JUnitReporter12test_run_endERKNS_12TestRunStatsE
FNDA:8,_ZN7doctest6detail14Expression_lhsIRiEC2ES2_NS_10assertType4EnumE
FNDA:0,_ZN7doctest9IReporterD0Ev
FNDA:0,_ZN7doctest6detail7fillossINSt7__cxx1112basic_stringIcSt11char_traitsIcESaIcEEEEEvPSoRKT_
FNDA:0,_ZN7doctest12_GLOBAL__N_115ConsoleReporter21getSuccessOrFailColorEbNS_10assertType4EnumE
FNDA:0,_ZZN7doctest12_GLOBAL__N_115ConsoleReporter24printRegisteredReportersEvENKUlRKSt3mapISt4pairIiNS_6StringEEPFPNS_9IReporterERKNS_14ContextOptionsEESt4lessIS5_ESaIS3_IKS5_SC_EEEPKcE_clESK_SM_
FNDA:0,_ZN7doctest12_GLOBAL__N_19XmlWriter9writeTextERKNSt7__cxx1112basic_stringIcSt11char_traitsIcESaIcEEEb
FNDA:0,_ZN7doctest6detail7SubcaseC2ERKNS_6StringEPKci
FNDA:0,_ZN7doctestgtEdRKNS_6ApproxE
FNDA:0,_ZN7doctest13IContextScopeD2Ev
FNDA:0,_ZN7doctest12_GLOBAL__N_115ConsoleReporter12log_contextsEv
FNDA:0,_ZN7doctest12_GLOBAL__N_113JUnitReporter12report_queryERKNS_9QueryDataE
FNDA:16,_ZN7doctest6detail13ResultBuilderC2ENS_10assertType4EnumEPKciS5_S5_RKNS_6StringE
FNDA:8,_ZN7doctest6detail8TestCaseC2ERKS1_
FNDA:0,_ZN7doctest12_GLOBAL__N_119nameOrderComparatorEPKNS_6detail8TestCaseES4_
FNDA:0,_ZN7doctest6detail7fillossIcLm6EEEvPSoRAT0__KT_
FNDA:0,_ZN7doctest12_GLOBAL__N_112_GLOBAL__N_113trailingBytesEh
FNDA:2,_ZN7doctest12_GLOBAL__N_112getListenersEv
FNDA:2,_ZN7doctest12_GLOBAL__N_115ConsoleReporter12test_run_endERKNS_12TestRunStatsE
FNDA:42,_ZN7doctest6StringC2EPKcj
FNDA:0,_ZN7doctest12_GLOBAL__N_113JUnitReporter17JUnitTestCaseData19getCurrentTimestampEv
FNDA:0,_ZN7doctest12_GLOBAL__N_19XmlWriter14writeAttributeIjEERS1_RKNSt7__cxx1112basic_stringIcSt11char_traitsIcESaIcEEERKT_
FNDA:16,_ZN7doctest6detail13ResultBuilder3logEv
FNDA:0,_ZN7doctest8toStringIA6_cLb1EEENS_6StringERKT_
FNDA:0,_ZN7doctest6Approx5scaleEd
FNDA:6,_ZN7doctest6detail14Expression_lhsIRNSt7__cxx1112basic_stringIcSt11char_traitsIcESaIcEEEEeqIRA6_KcEEDTcmcvveqcl7declvalIS8_EEcl7declvalIT_EEcvNS0_6ResultEilEEOSE_
FNDA:0,_ZN7doctest13IContextScopeC2Ev
FNDA:110,_ZN7doctest12_GLOBAL__N_19parseFlagEiPKPKcS2_
FNDA:0,_ZN7doctest12_GLOBAL__N_19XmlWriter16writeDeclarationEv
FNDA:0,_ZN7doctest7Context16applyCommandLineEiPKPKc
FNDA:0,_ZN7doctest12_GLOBAL__N_111XmlReporter15test_case_startERKNS_12TestCaseDataE
FNDA:0,_ZN7doctest6StringpLERKS0_
FNDA:0,_ZN7doctest6StringixEj
FNDA:0,_ZN7doctest6detail13ResultBuilderC2ENS_10assertType4EnumEPKciS5_S5_RKNS_8ContainsE
FNDA:0,_ZN7doctesteqERKNS_6StringES2_
FNDA:2,_ZN7doctest12_GLOBAL__N_115ConsoleReporter12printVersionEv
FNDA:0,_ZN7doctest8toStringEb
FNDA:2,_ZN7doctest6detail14Expression_lhsIRNSt7__cxx1112basic_stringIcSt11char_traitsIcESaIcEEEEeqIRA3_KcEEDTcmcvveqcl7declvalIS8_EEcl7declvalIT_EEcvNS0_6ResultEilEEOSE_
FNDA:50,_ZN7doctest6String8allocateEj
FNDA:0,_ZNK7doctest6ApproxclEd
FNDA:0,_ZN7doctest6detail11toStreamLitIfEENS_6StringET_
FNDA:0,_ZN7doctest6detail18checkIfShouldThrowENS_10assertType4EnumE
FNDA:0,_ZN7doctest10AssertData14StringContainsC2ENS_8ContainsE
FNDA:0,_ZN7doctest12_GLOBAL__N_124translateActiveExceptionEv
FNDA:0,_ZN7doctest8toStringEDn
FNDA:0,_ZN7doctest12_GLOBAL__N_19XmlWriter13ScopedElement14writeAttributeIPKcEERS2_RKNSt7__cxx1112basic_stringIcSt11char_traitsIcESaIcEEERKT_
FNDA:0,_ZN7doctest12_GLOBAL__N_110WhitespaceC2Ei
FNDA:0,_ZN7doctest6detail10ErrnoGuardD2Ev
FNDA:0,_ZN7doctest8toStringEl
FNDA:0,_ZN7doctest6detail31failed_out_of_a_testing_contextERKNS_10AssertDataE
FNDA:0,_ZN7doctest6detail7fillossIA6_KcEEvPSoRKT_
FNDA:2,_ZN7doctest14DiscardOStreamC1Ev
FNDA:0,_ZN7doctest12_GLOBAL__N_113JUnitReporter17JUnitTestCaseData13JUnitTestCaseC2ERKNSt7__cxx1112basic_stringIcSt11char_traitsIcESaIcEEESB_
FNDA:0,_ZN7doctest9IReporter23get_num_active_contextsEv
FNDA:0,_ZN7doctest6detail8filldataIA3_KcE4fillEPSoRS3_
FNDA:8,_ZN7doctest6detail7forwardIRNSt7__cxx1112basic_stringIcSt11char_traitsIcESaIcEEEEEOT_RNS0_5types16remove_referenceIS9_E4typeE
FNDA:2,_ZN7doctest12_GLOBAL__N_115ConsoleReporter14test_run_startEv
FNDA:0,_ZN7doctest12_GLOBAL__N_19XmlWriter13ScopedElementC2EOS2_
FNDA:10,_ZN28doctest_detail_test_suite_ns19getCurrentTestSuiteEv
FNDA:0,_ZN7doctest12_GLOBAL__N_113JUnitReporter13subcase_startERKNS_16SubcaseSignatureE
FNDA:0,_ZN7doctestneERKNS_6StringERKNS_8ContainsE
FNDA:0,_ZNK7doctest8Contains9checkWithERKNS_6StringE
FNDA:0,_ZN7doctest6detail7fillossIA3_KcEEvPSoRKT_
FNDA:0,_ZN7doctest8toStringEc
FNDA:0,_ZN7doctest8toStringIA3_cLb1EEENS_6StringERKT_
FNDA:0,_ZN7doctest12_GLOBAL__N_19XmlWriter14writeAttributeERKNSt7__cxx1112basic_stringIcSt11char_traitsIcESaIcEEES9_
FNDA:8,_ZN7doctest6detail20ExpressionDecomposerlsIRNSt7__cxx1112basic_stringIcSt11char_traitsIcESaIcEEEEENS0_14Expression_lhsIT_EEOSB_
FNDA:0,_ZN7doctest6detail11toStreamLitIlEENS_6StringET_
FNDA:0,_ZN7doctest12_GLOBAL__N_121FatalConditionHandler12handleSignalEi
FNDA:0,_ZN7doctest12_GLOBAL__N_123getExceptionTranslatorsEv
FNDA:0,_ZN7doctest6detail8tlssPushEv
FNDA:0,_ZN7doctest7Context9setOptionEPKcS2_
FNDA:502,_ZN7doctest6StringC2Ev
FNDA:0,_ZN7doctest12_GLOBAL__N_115ConsoleReporter34successOrFailColoredStringToStreamEbNS_10assertType4EnumEPKc
FNDA:8,_ZN7doctest6detail14Expression_lhsIRiEeqIiEEDTcmcvveqcl7declvalIS2_EEcl7declvalIT_EEcvNS0_6ResultEilEEOS5_
FNDA:0,_ZN7doctest8toStringEt
FNDA:0,_ZN7doctest12_GLOBAL__N_115ConsoleReporter9printHelpEv
FNDA:0,_ZN7doctest6detail7tlssPopEv
FNDA:0,_ZN7doctest7Context9addFilterEPKcS2_
FNDA:0,_ZN7doctest8toStringEi
FNDA:10,_ZN7doctest6StringaSEOS0_
FNDA:0,_ZN7doctest12_GLOBAL__N_112_GLOBAL__N_113hexEscapeCharERSoh
FNDA:8,_ZN7doctesteqEdRKNS_6ApproxE
FNDA:0,_ZN7doctest12_GLOBAL__N_115ConsoleReporter12report_queryERKNS_9QueryDataE
FNDA:0,_ZN7doctest7Context7setCoutEPSo
FNDA:8,_ZNK7doctest6detail5Timer17getElapsedSecondsEv
FNDA:0,_ZN7doctest6detail10ErrnoGuardC2Ev
FNDA:16,_ZN7doctest17getContextOptionsEv
FNDA:0,_ZN7doctest12_GLOBAL__N_19XmlWriter18newlineIfNecessaryEv
FNDA:0,_ZN7doctest6detail11toStreamLitIeEENS_6StringET_
FNDA:0,_ZNK7doctest6String8capacityEv
FNDA:0,_ZN7doctest12_GLOBAL__N_113JUnitReporterC2ERKNS_14ContextOptionsE
FNDA:0,_ZN7doctest6detail11toStreamLitIiEENS_6StringET_
FNDA:16,_ZN7doctest10AssertData14StringContainsC2ERKNS_6StringE
FNDA:0,_ZNK7doctest12_GLOBAL__N_19XmlEncode8encodeToERSo
FNDA:42,_ZN7doctest6StringC2EPKc
FNDA:0,_ZN7doctest6detail8toStreamINSt7__cxx1112basic_stringIcSt11char_traitsIcESaIcEEEEENS_6StringERKT_
FNDA:2,_ZN7doctest9IReporterC2Ev
FNDA:0,_ZN7doctest5IsNaNIfEC2Efb
FNDA:0,_ZN7doctest12assertStringENS_10assertType4EnumE
FNDA:0,_ZN7doctestleERKNS_6StringES2_
FNDA:2,_ZN7doctest12_GLOBAL__N_17stricmpEPKcS2_
FNDA:0,_ZN7doctest8toStringERKNS_6ApproxE
FNDA:200,_ZN7doctest6StringaSERKS0_
FNDA:0,_ZN7doctest12_GLOBAL__N_113JUnitReporter19test_case_exceptionERKNS_17TestCaseExceptionE
FNDA:0,_ZNK7doctest16SubcaseSignatureeqERKS0_
FNDA:8,_ZN7doctest6detail5Timer5startEv
FNDA:0,_ZN7doctest12_GLOBAL__N_19XmlWriter14writeAttributeIdEERS1_RKNSt7__cxx1112basic_stringIcSt11char_traitsIcESaIcEEERKT_
FNDA:0,_ZN7doctest6detail11toStreamLitIdEENS_6StringET_
FNDA:0,_ZN7doctestgeERKNS_6StringES2_
FNDA:0,_ZZN7doctest12_GLOBAL__N_117parseCommaSepArgsEiPKPKcS2_RSt6vectorINS_6StringESaIS6_EEENKUlvE_clEv
FNDA:0,_ZN7doctest12_GLOBAL__N_113JUnitReporter13test_case_endERKNS_20CurrentTestCaseStatsE
FNDA:0,_ZN7doctest7Context9setOptionEPKcb
FNDA:0,_ZN7doctest12_GLOBAL__N_120suiteOrderComparatorEPKNS_6detail8TestCaseES4_
FNDA:0,_ZN7doctest12_GLOBAL__N_19XmlWriter13scopedElementERKNSt7__cxx1112basic_stringIcSt11char_traitsIcESaIcEEE
FNDA:16,_ZN7doctest6String9setOnHeapEv
FNDA:0,_ZN7doctest12_GLOBAL__N_113JUnitReporter11log_messageERKNS_11MessageDataE
FNDA:0,_ZN7doctest6detail15reporterCreatorINS_12_GLOBAL__N_113JUnitReporterEEEPNS_9IReporterERKNS_14ContextOptionsE
FNDA:0,_ZN7doctest12_GLOBAL__N_111XmlReporter13test_case_endERKNS_20CurrentTestCaseStatsE
FNDA:16,_ZN7doctest6detail15MultiLaneAtomicIiE5storeEiSt12memory_order
FNDA:2,_ZN7doctest12_GLOBAL__N_115ConsoleReporterC2ERKNS_14ContextOptionsE
FNDA:0,_ZNK7doctest5IsNaNIdEcvbEv
FNDA:0,_ZN7doctestltERKNS_6ApproxEd
FNDA:8,_ZN7doctest6detail8TestCaseaSERKS1_
FNDA:8,_ZN7doctest12_GLOBAL__N_121FatalConditionHandlerC2Ev
FNDA:0,_ZN7doctest12_GLOBAL__N_111XmlReporter11subcase_endEv
FNDA:0,_ZN7doctest12_GLOBAL__N_111XmlReporter12report_queryERKNS_9QueryDataE
FNDA:32,_ZNK7doctest6detail15MultiLaneAtomicIiE4loadESt12memory_order
FNDA:2,_ZN7doctest6detail15reporterCreatorINS_12_GLOBAL__N_115ConsoleReporterEEEPNS_9IReporterERKNS_14ContextOptionsE
FNDA:0,_ZN7doctest8toStringINSt7__cxx1112basic_stringIcSt11char_traitsIcESaIcEEELb1EEENS_6StringERKT_
FNDA:0,_ZN7doctest13failureStringENS_10assertType4EnumE
FNDA:0,_ZN7doctest6detail15StringMakerBaseILb1EE7convertINSt7__cxx1112basic_stringIcSt11char_traitsIcESaIcEEEEENS_6StringERKT_
FNDA:0,_ZN7doctest6detail8toStreamIA3_cEENS_6StringERKT_
FNDA:0,_ZN7doctest6detail11toStreamLitIxEENS_6StringET_
FNDA:0,_ZN7doctest12_GLOBAL__N_113JUnitReporter12log_contextsERNSt7__cxx1119basic_ostringstreamIcSt11char_traitsIcESaIcEEE
FNDA:0,_ZN7doctest12_GLOBAL__N_19XmlWriter10endElementEv
FNDA:0,_ZN7doctest12_GLOBAL__N_19XmlWriterC2ERSo
FNDA:0,_ZN7doctest12_GLOBAL__N_19XmlWriter14writeAttributeERKNSt7__cxx1112basic_stringIcSt11char_traitsIcESaIcEEEPKc
FNDA:0,_ZNO7doctest6String6substrEjj
FNDA:0,_ZN7doctest6detail8filldataIPKvE4fillEPSoS3_
FNDA:0,_ZN7doctest12_GLOBAL__N_19XmlWriter13ScopedElementC2EPS1_
FNDA:36,_ZN7doctest12_GLOBAL__N_117parseCommaSepArgsEiPKPKcS2_RSt6vectorINS_6StringESaIS6_EE
FNDA:0,_ZN7doctest7Context12clearFiltersEv
FNDA:0,_ZN7doctest6detail14throwExceptionEv
FNDA:0,_ZN7doctest12_GLOBAL__N_113JUnitReporter14test_run_startEv
FNDA:0,_ZNK7doctest12_GLOBAL__N_113JUnitReporter4lineEj
FNDA:0,_ZN7doctest6detail8filldataINSt7__cxx1112basic_stringIcSt11char_traitsIcESaIcEEEE4fillEPSoRKS7_
FNDA:0,_ZN7doctest12_GLOBAL__N_111XmlReporter11log_messageERKNS_11MessageDataE
FNDA:0,_ZN7doctest12_GLOBAL__N_129fulltext_log_assert_to_streamERSoRKNS_10AssertDataE
FNDA:0,_ZN7doctest12_GLOBAL__N_113JUnitReporter17JUnitTestCaseData10addFailureERKNSt7__cxx1112basic_stringIcSt11char_traitsIcESaIcEEESA_SA_
FNDA:0,_ZN7doctest8toStringIdEENS_6StringENS_5IsNaNIT_EE
FNDA:22,_ZNK7doctest6String7compareERKS0_b
FNDA:0,_ZN7doctest6detail14MessageBuilderC2EPKciNS_10assertType4EnumE
FNDA:0,_ZN7doctest8toStringEj
FNDA:0,_ZN7doctest12_GLOBAL__N_113JUnitReporter17JUnitTestCaseData7addTimeEd
FNDA:0,_ZN7doctest7Context10shouldExitEv
FNDA:0,_ZN7doctest12_GLOBAL__N_115ConsoleReporter17test_case_skippedERKNS_12TestCaseDataE
FNDA:0,_ZN7doctest6detail19stringifyBinaryExprINSt7__cxx1112basic_stringIcSt11char_traitsIcESaIcEEEA3_cEENS_6StringERKT_PKcRKT0_
FNDA:0,_ZNK7doctest12_GLOBAL__N_111XmlReporter4lineEj
FNDA:2,_ZN7doctest7Context3runEv
FNDA:8,_ZN7doctest6detail20ExpressionDecomposerlsIRiEENS0_14Expression_lhsIT_EEOS5_
FNDA:0,_ZN7doctest12_GLOBAL__N_113JUnitReporter10log_assertERKNS_10AssertDataE
FNDA:0,_ZN7doctest6detail7Subcase12checkFiltersEv
FNDA:0,_ZNK7doctest5IsNaNIdEntEv
FNDA:0,_ZN7doctest6detail14MessageBuilder3logEv
FNDA:104,_ZN7doctest12_GLOBAL__N_114parseIntOptionEiPKPKcS2_NS0_10optionTypeERi
FNDA:0,_ZN7doctest6detail8toStreamIA6_cEENS_6StringERKT_
FNDA:0,_ZN7doctest12_GLOBAL__N_19XmlEncodeC2ERKNSt7__cxx1112basic_stringIcSt11char_traitsIcESaIcEEENS1_7ForWhatE
FNDA:16,_ZNK7doctest6detail13ResultBuilder5reactEv
FNDA:2,_ZN7doctest16registerReporterINS_12_GLOBAL__N_115ConsoleReporterEEEiPKcib
FNDA:0,_ZN7doctest6detail11toStreamLitItEENS_6StringET_
FNDA:2,_ZN7doctest9IReporterD2Ev
FNDA:16,_ZN7doctest6detail15MultiLaneAtomicIiEaSEi
FNDA:0,_ZN7doctest8toStringEs
FNDA:54,_ZN7doctest5ColorlsERSoNS0_4EnumE
FNDA:2,_ZN7doctest6detail12ContextState12resetRunDataEv
FNDA:0,_ZN7doctest8toStringEd
FNDA:0,_ZN7doctestneERKNS_8ContainsERKNS_6StringE
FNDA:0,_ZN7doctest8toStringEe
FNDA:8,_ZN7doctest6detail8TestCaseC2EPFvvEPKcjRKNS0_9TestSuiteERKNS_6StringEi
FNDA:0,_ZN7doctest8toStringENS_5IsNaNIeEE
FNDA:0,_ZN7doctest5IsNaNIdEC2Edb
FNDA:0,_ZN7doctest12_GLOBAL__N_19XmlWriter13ScopedElementaSEOS2_
FNDA:22,_ZNK7doctest6detail8TestCaseltERKS1_
FNDA:2,_ZN7doctest12_GLOBAL__N_115ConsoleReporter10printIntroEv
FNDA:0,_ZN7doctest12_GLOBAL__N_113JUnitReporter17test_case_reenterERKNS_12TestCaseDataE
FNDA:8,_ZN7doctestneERKNS_6ApproxEd
FNDA:0,_ZN7doctest6detail11toStreamLitIjEENS_6StringET_
FNDA:0,_ZN7doctest12_GLOBAL__N_19XmlWriter14writeAttributeERKNSt7__cxx1112basic_stringIcSt11char_traitsIcESaIcEEEb
FNDA:0,_ZN7doctest12_GLOBAL__N_19XmlWriter13ScopedElement14writeAttributeINS_6StringEEERS2_RKNSt7__cxx1112basic_stringIcSt11char_traitsIcESaIcEEERKT_
FNDA:0,_ZN7doctest12_GLOBAL__N_115throw_exceptionISt11logic_errorEEvRKT_
FNDA:0,_ZN7doctestleEdRKNS_6ApproxE
FNDA:16,_ZN7doctest6detail20ExpressionDecomposerC2ENS_10assertType4EnumE
FNDA:8,_ZN7doctest6detail14Expression_lhsIRNSt7__cxx1112basic_stringIcSt11char_traitsIcESaIcEEEEC2ES8_NS_10assertType4EnumE
FNDA:10,_ZN7doctest6detail18getRegisteredTestsEv
FNDA:0,_ZN7doctest6detail31registerExceptionTranslatorImplEPKNS0_20IExceptionTranslatorE
FNDA:0,_ZN7doctest7Context9setOptionEPKci
FNDA:2,_ZN7doctest6detail7forwardIRA3_KcEEOT_RNS0_5types16remove_referenceIS5_E4typeE
FNDA:0,_ZN7doctest12_GLOBAL__N_113JUnitReporter15test_case_startERKNS_12TestCaseDataE
FNDA:8,_ZN7doctest6ApproxC2Ed
FNDA:0,_ZN7doctestgtERKNS_6StringES2_
FNDA:0,_ZN7doctest12_GLOBAL__N_115ConsoleReporter11log_messageERKNS_11MessageDataE
FNDA:0,_ZN7doctest12_GLOBAL__N_115ConsoleReporter19file_line_to_streamEPKciS3_
FNDA:12,_ZN7doctest12_GLOBAL__N_119fileOrderComparatorEPKNS_6detail8TestCaseES4_
FNDA:0,_ZN7doctest7Context36setAsDefaultForAssertsOutOfTestCasesEv
FNDA:74,_ZNK7doctest6String5c_strEv
FNDA:0,_ZN7doctest6String7setSizeEj
FNDA:0,_ZN7doctestgeERKNS_6ApproxEd
FNDA:16,_ZN7doctest10AssertDataC2ENS_10assertType4EnumEPKciS4_S4_RKNS0_14StringContainsE
FNDA:0,_ZN7doctest12_GLOBAL__N_19XmlWriter14writeAttributeINS_6StringEEERS1_RKNSt7__cxx1112basic_stringIcSt11char_traitsIcESaIcEEERKT_
FNDA:0,_ZN7doctest8toStringENS_5IsNaNIfEE
FNDA:0,_ZN7doctest8toStringEf
FNDA:0,_ZN7doctestplERKNS_6StringES2_
FNDA:0,_ZN7doctest6detail19stringifyBinaryExprINSt7__cxx1112basic_stringIcSt11char_traitsIcESaIcEEEA6_cEENS_6StringERKT_PKcRKT0_
FNDA:0,_ZN7doctest12_GLOBAL__N_113JUnitReporter17JUnitTestCaseData3addERKNSt7__cxx1112basic_stringIcSt11char_traitsIcESaIcEEESA_
FNDA:0,_ZN7doctest12_GLOBAL__N_1lsERSoRKNS0_9XmlEncodeE
FNDA:2,main
FNDA:0,_ZN7doctesteqERKNS_6StringERKNS_8ContainsE
FNDA:8,_ZN7doctest6Approx7epsilonEd
FNDA:0,_ZNK7doctest6StringixEj
FNDA:0,_ZN7doctest12_GLOBAL__N_111reportFatalERKNSt7__cxx1112basic_stringIcSt11char_traitsIcESaIcEEE
FNDA:0,_ZN7doctest6detail11toStreamLitIsEENS_6StringET_
FNDA:8,_ZN7doctest6detail7regTestERKNS0_8TestCaseE
FNDA:0,_ZN7doctest12_GLOBAL__N_19XmlWriter13ScopedElement14writeAttributeINSt7__cxx1112basic_stringIcSt11char_traitsIcESaIcEEEEERS2_RKS9_RKT_
FNDA:0,_ZN7doctest6detail15StringMakerBaseILb1EE7convertIA3_cEENS_6StringERKT_
FNDA:0,_ZN7doctest10AssertData14StringContains5checkERKNS_6StringE
FNDA:0,_ZN7doctest12_GLOBAL__N_19XmlWriter13ScopedElement14writeAttributeIbEERS2_RKNSt7__cxx1112basic_stringIcSt11char_traitsIcESaIcEEERKT_
FNDA:2,_ZZN7doctest7Context3runEvENKUlvE_clEv
FNDA:2,_ZN7doctest12_GLOBAL__N_115ConsoleReporter19separator_to_streamEv
FNDA:0,_ZN7doctest6detail10._anon_1464pushEv
FNDA:0,_ZN7doctest9IReporter24get_stringified_contextsEv
FNDA:16,_ZN7doctest6detail6ResultC2EbRKNS_6StringE
FNDA:0,_ZN7doctest12_GLOBAL__N_111XmlReporter19test_case_exceptionERKNS_17TestCaseExceptionE
FNDA:554,_ZN7doctest6String7setLastEj
FNDA:0,_ZN7doctest6StringC2ERSij
FNDA:6,_ZN7doctest12_GLOBAL__N_17wildcmpEPKcS2_b
FNDA:0,_ZN7doctest5IsNaNIeEC2Eeb
FNDA:74,_ZN7doctest6String5c_strEv
FNDA:0,_ZN7doctest6detail11toStreamLitIyEENS_6StringET_
FNDA:0,_ZN7doctest6detail14MessageBuilderD2Ev
FNDA:0,_ZN7doctest12_GLOBAL__N_19XmlWriter13ScopedElement14writeAttributeIjEERS2_RKNSt7__cxx1112basic_stringIcSt11char_traitsIcESaIcEEERKT_
FNDA:0,_ZN7doctest6detail15StringMakerBaseILb1EE7convertIA6_cEENS_6StringERKT_
FNDA:0,_ZN7doctest6detail10._anon_1463popEv
FNDA:0,_ZN7doctest8toStringEy
FNDA:0,_ZN7doctest12_GLOBAL__N_115ConsoleReporter22getSuccessOrFailStringEbNS_10assertType4EnumEPKc
FNF:374
FNH:111
DA:447,16
DA:611,1162
DA:642,74
DA:643,74
DA:644,74
DA:645,34
DA:647,40
DA:851,16
DA:852,0
DA:854,0
DA:858,0
DA:885,0
DA:983,32
DA:984,32
DA:1052,0
DA:1053,0
DA:1054,0
DA:1057,0
DA:1060,0
DA:1061,0
DA:1064,0
DA:1065,0
DA:1066,0
DA:1067,0
DA:1073,0
DA:1074,0
DA:1106,0
DA:1107,0
DA:1151,0
DA:1155,0
DA:1157,0
DA:1180,0
DA:1181,0
DA:1182,0
DA:1294,0
DA:1295,0
DA:1354,0
DA:1356,0
DA:1504,16
DA:1505,16
DA:1506,16
DA:1527,16
DA:1581,16
DA:1582,16
DA:1644,16
DA:2087,2
DA:2104,2
DA:2105,2
DA:2110,6
DA:2111,6
DA:2112,6
DA:3284,0
DA:3286,0
DA:3307,10
DA:3308,8
DA:3309,10
DA:3310,10
DA:3311,2
DA:3312,8
DA:3341,0
DA:3342,0
DA:3343,0
DA:3346,0
DA:3347,0
DA:3348,0
DA:3350,0
DA:3351,0
DA:3352,0
DA:3353,0
DA:3354,0
DA:3358,0
DA:3359,0
DA:3362,0
DA:3363,0
DA:3394,16
DA:3396,16
DA:3397,16
DA:3403,8
DA:3410,8
DA:3454,16
DA:3456,16
DA:3457,32
DA:3464,32
DA:3466,32
DA:3467,32
DA:3468,1056
DA:3469,2048
DA:3471,32
DA:3474,16
DA:3475,16
DA:3476,16
DA:3479,16
DA:3481,528
DA:3482,512
DA:3483,512
DA:3485,16
DA:3500,16
DA:3502,16
DA:3503,2
DA:3505,16
DA:3534,2
DA:3535,2
DA:3536,2
DA:3537,2
DA:3538,2
DA:3539,2
DA:3540,2
DA:3541,2
DA:3542,2
DA:3543,2
DA:3545,8
DA:3546,8
DA:3549,8
DA:3550,8
DA:3551,8
DA:3552,8
DA:3554,8
DA:3555,0
DA:3557,8
DA:3558,8
DA:3559,0
DA:3561,8
DA:3562,0
DA:3563,0
DA:3565,0
DA:3567,8
DA:3568,0
DA:3569,8
DA:3570,0
DA:3571,0
DA:3573,0
DA:3577,24
DA:3578,16
DA:3579,8
DA:3582,8
DA:3583,8
DA:3584,0
DA:3585,8
DA:3598,50
DA:3599,50
DA:3600,34
DA:3601,34
DA:3602,34
DA:3604,16
DA:3605,16
DA:3606,16
DA:3607,16
DA:3608,16
DA:3609,16
DA:3613,16
DA:3614,554
DA:3615,0
DA:3616,0
DA:3617,0
DA:3618,0
DA:3620,254
DA:3621,254
DA:3622,246
DA:3624,8
DA:3626,254
DA:3628,502
DA:3629,502
DA:3630,502
DA:3631,502
DA:3633,606
DA:3634,606
DA:3635,16
DA:3636,606
DA:3638,42
DA:3639,42
DA:3641,42
DA:3642,42
DA:3643,42
DA:3645,0
DA:3646,0
DA:3647,0
DA:3649,54
DA:3651,200
DA:3652,200
DA:3653,200
DA:3654,0
DA:3656,200
DA:3659,200
DA:3662,0
DA:3663,0
DA:3664,0
DA:3665,0
DA:3666,0
DA:3667,0
DA:3669,0
DA:3671,0
DA:3674,0
DA:3676,0
DA:3678,0
DA:3679,0
DA:3680,0
DA:3681,0
DA:3683,0
DA:3686,0
DA:3688,0
DA:3689,0
DA:3692,0
DA:3693,0
DA:3694,0
DA:3696,0
DA:3698,0
DA:3700,0
DA:3702,0
DA:3703,0
DA:3705,0
DA:3709,0
DA:3712,8
DA:3713,8
DA:3714,8
DA:3715,8
DA:3716,8
DA:3718,10
DA:3719,10
DA:3720,10
DA:3721,0
DA:3722,10
DA:3723,10
DA:3724,10
DA:3726,10
DA:3729,0
DA:3730,0
DA:3733,0
DA:3734,0
DA:3735,0
DA:3736,0
DA:3740,18
DA:3741,18
DA:3742,18
DA:3743,0
DA:3747,0
DA:3748,0
DA:3749,0
DA:3750,0
DA:3753,0
DA:3754,0
DA:3755,0
DA:3756,0
DA:3757,0
DA:3758,0
DA:3761,0
DA:3762,0
DA:3763,0
DA:3766,0
DA:3767,0
DA:3768,0
DA:3769,0
DA:3770,0
DA:3771,0
DA:3772,0
DA:3775,0
DA:3776,0
DA:3777,0
DA:3778,0
DA:3779,0
DA:3780,0
DA:3783,24
DA:3784,24
DA:3785,2
DA:3786,22
DA:3789,22
DA:3790,22
DA:3793,0
DA:3795,0
DA:3796,0
DA:3797,10
DA:3798,0
DA:3799,0
DA:3800,0
DA:3802,0
DA:3804,16
DA:3806,0
DA:3807,0
DA:3810,0
DA:3811,0
DA:3814,0
DA:3815,0
DA:3816,0
DA:3817,0
DA:3824,54
DA:3825,54
DA:3826,54
DA:3831,0
DA:3838,0
DA:3839,0
DA:3840,0
DA:3841,0
DA:3843,0
DA:3845,0
DA:3847,0
DA:3849,0
DA:3851,0
DA:3853,0
DA:3855,0
DA:3856,0
DA:3857,0
DA:3858,0
DA:3859,0
DA:3860,0
DA:3862,0
DA:3863,0
DA:3865,0
DA:3871,0
DA:3872,0
DA:3873,0
DA:3874,0
DA:3875,0
DA:3876,0
DA:3877,0
DA:3878,0
DA:3884,0
DA:3886,0
DA:3887,0
DA:3888,0
DA:3889,0
DA:3890,0
DA:3891,0
DA:3892,0
DA:3896,0
DA:3901,0
DA:3902,0
DA:3903,0
DA:3904,0
DA:3907,0
DA:3908,0
DA:3909,0
DA:3910,0
DA:3911,0
DA:3912,0
DA:3915,0
DA:3918,0
DA:3919,0
DA:3920,0
DA:3921,0
DA:3924,0
DA:3925,0
DA:3926,0
DA:3927,0
DA:3940,0
DA:3942,0
DA:3944,0
DA:3946,0
DA:3947,0
DA:3948,0
DA:3950,0
DA:3951,0
DA:3952,0
DA:3953,0
DA:3954,0
DA:3955,0
DA:3956,0
DA:3957,0
DA:3958,0
DA:3959,0
DA:3960,0
DA:3962,8
DA:3963,8
DA:3964,8
DA:3965,8
DA:3967,0
DA:3968,0
DA:3969,0
DA:3970,0
DA:3971,0
DA:3974,8
DA:3975,8
DA:3976,8
DA:3978,0
DA:3979,0
DA:3980,0
DA:3983,8
DA:3985,8
DA:3986,8
DA:3988,0
DA:3989,0
DA:3990,8
DA:3991,0
DA:3992,0
DA:3993,0
DA:3994,0
DA:3995,0
DA:3996,0
DA:3997,0
DA:3998,0
DA:4000,0
DA:4001,0
DA:4003,16
DA:4007,0
DA:4008,0
DA:4015,0
DA:4016,0
DA:4017,0
DA:4018,0
DA:4060,10
DA:4062,10
DA:4072,8
DA:4073,8
DA:4074,8
DA:4076,2
DA:4077,2
DA:4078,2
DA:4086,0
DA:4087,0
DA:4088,0
DA:4090,0
DA:4091,0
DA:4092,0
DA:4093,0
DA:4094,0
DA:4096,0
DA:4100,0
DA:4101,0
DA:4102,0
DA:4113,6
DA:4114,6
DA:4115,6
DA:4117,20
DA:4118,18
DA:4119,4
DA:4120,4
DA:4122,14
DA:4123,14
DA:4126,2
DA:4127,0
DA:4128,0
DA:4129,0
DA:4131,0
DA:4132,0
DA:4133,0
DA:4134,0
DA:4135,0
DA:4136,0
DA:4138,0
DA:4139,0
DA:4143,2
DA:4144,0
DA:4146,2
DA:4150,54
DA:4152,54
DA:4153,24
DA:4154,34
DA:4155,6
DA:4156,2
DA:4157,28
DA:4161,0
DA:4162,0
DA:4167,0
DA:4168,0
DA:4170,0
DA:4171,0
DA:4172,0
DA:4175,0
DA:4176,0
DA:4179,0
DA:4180,0
DA:4181,0
DA:4182,0
DA:4183,0
DA:4185,0
DA:4188,0
DA:4189,0
DA:4190,0
DA:4191,0
DA:4193,0
DA:4197,0
DA:4198,0
DA:4199,0
DA:4200,0
DA:4201,0
DA:4202,0
DA:4204,0
DA:4207,0
DA:4208,0
DA:4209,0
DA:4210,0
DA:4211,0
DA:4213,0
DA:4215,0
DA:4216,0
DA:4217,0
DA:4218,0
DA:4221,0
DA:4223,0
DA:4224,0
DA:4225,0
DA:4226,0
DA:4227,0
DA:4228,0
DA:4229,0
DA:4231,0
DA:4232,0
DA:4233,0
DA:4234,0
DA:4237,0
DA:4243,0
DA:4244,0
DA:4245,0
DA:4247,0
DA:4249,0
DA:4250,0
DA:4251,0
DA:4252,0
DA:4254,0
DA:4258,0
DA:4262,0
DA:4263,0
DA:4268,0
DA:4271,0
DA:4273,0
DA:4279,0
DA:4281,16
DA:4282,16
DA:4283,16
DA:4285,16
DA:4286,16
DA:4288,2
DA:4289,2
DA:4290,2
DA:4293,8
DA:4294,8
DA:4295,8
DA:4296,8
DA:4297,8
DA:4298,8
DA:4299,8
DA:4300,8
DA:4301,8
DA:4302,8
DA:4303,8
DA:4304,8
DA:4305,8
DA:4306,8
DA:4308,8
DA:4309,8
DA:4310,8
DA:4311,8
DA:4313,8
DA:4314,8
DA:4315,8
DA:4316,8
DA:4319,8
DA:4320,8
DA:4321,8
DA:4322,8
DA:4323,8
DA:4324,8
DA:4326,8
DA:4327,0
DA:4328,8
DA:4332,8
DA:4333,8
DA:4335,8
DA:4336,0
DA:4338,0
DA:4340,8
DA:4343,22
DA:4345,22
DA:4346,22
DA:4347,0
DA:4348,0
DA:4349,0
DA:4350,0
DA:4351,0
DA:4352,0
DA:4353,0
DA:4357,10
DA:4358,10
DA:4359,10
DA:4365,12
DA:4368,12
DA:4369,12
DA:4370,0
DA:4371,12
DA:4372,12
DA:4373,0
DA:4377,0
DA:4378,0
DA:4379,0
DA:4380,0
DA:4381,0
DA:4385,0
DA:4386,0
DA:4387,0
DA:4388,0
DA:4389,0
DA:4393,54
DA:4397,108
DA:4398,54
DA:4399,0
DA:4401,54
DA:4403,54
DA:4404,0
DA:4405,6
DA:4406,0
DA:4407,10
DA:4408,2
DA:4409,0
DA:4410,0
DA:4411,0
DA:4412,0
DA:4413,0
DA:4414,36
DA:4417,36
DA:4420,54
DA:4468,0
DA:4469,0
DA:4470,0
DA:4473,0
DA:4475,0
DA:4476,0
DA:4477,0
DA:4478,0
DA:4479,0
DA:4483,0
DA:4484,0
DA:4485,0
DA:4486,0
DA:4487,0
DA:4488,0
DA:4489,0
DA:4490,0
DA:4491,0
DA:4492,0
DA:4498,0
DA:4503,8
DA:4504,8
DA:4505,8
DA:4509,2
DA:4510,2
DA:4511,2
DA:4520,0
DA:4521,0
DA:4527,0
DA:4528,0
DA:4529,0
DA:4530,0
DA:4532,0
DA:4533,0
DA:4535,0
DA:4536,0
DA:4537,0
DA:4572,0
DA:4573,0
DA:4574,0
DA:4575,0
DA:4576,0
DA:4580,0
DA:4581,0
DA:4582,0
DA:4584,0
DA:4585,0
DA:4586,0
DA:4588,0
DA:4589,0
DA:4590,0
DA:4599,0
DA:4601,0
DA:4605,0
DA:4606,0
DA:4607,0
DA:4608,0
DA:4609,0
DA:4610,0
DA:4800,0
DA:4801,0
DA:4802,0
DA:4803,0
DA:4804,0
DA:4805,0
DA:4806,0
DA:4809,0
DA:4810,0
DA:4811,0
DA:4812,0
DA:4814,2
DA:4815,2
DA:4816,2
DA:4818,2
DA:4819,2
DA:4820,2
DA:4822,8
DA:4823,8
DA:4825,8
DA:4826,8
DA:4827,8
DA:4828,8
DA:4829,8
DA:4830,8
DA:4831,8
DA:4832,56
DA:4833,48
DA:4835,8
DA:4837,8
DA:4838,16
DA:4839,16
DA:4841,56
DA:4842,48
DA:4845,8
DA:4846,8
DA:4848,16
DA:4872,16
DA:4873,16
DA:4874,16
DA:4875,16
DA:4877,0
DA:4878,0
DA:4879,0
DA:4880,0
DA:4883,0
DA:4884,0
DA:4886,0
DA:4888,0
DA:4889,0
DA:4890,0
DA:4893,0
DA:4895,0
DA:4897,0
DA:4898,0
DA:4902,16
DA:4903,16
DA:4904,16
DA:4905,32
DA:4906,16
DA:4911,16
DA:4914,16
DA:4915,16
DA:4916,16
DA:4918,0
DA:4919,0
DA:4920,0
DA:4922,16
DA:4923,16
DA:4924,16
DA:4925,16
DA:4927,0
DA:4928,0
DA:4929,0
DA:4930,0
DA:4932,16
DA:4933,16
DA:4934,0
DA:4935,16
DA:4936,0
DA:4937,16
DA:4938,0
DA:4939,16
DA:4940,0
DA:4941,16
DA:4942,0
DA:4945,16
DA:4946,0
DA:4948,16
DA:4949,16
DA:4950,32
DA:4952,16
DA:4953,0
DA:4954,0
DA:4955,0
DA:4958,16
DA:4959,16
DA:4962,16
DA:4963,16
DA:4964,0
DA:4965,16
DA:4967,0
DA:4968,0
DA:4969,0
DA:4971,0
DA:4972,0
DA:4974,0
DA:4976,0
DA:4982,0
DA:4983,0
DA:4984,0
DA:4985,0
DA:4987,0
DA:4988,0
DA:4989,0
DA:4990,0
DA:4991,0
DA:4992,0
DA:4994,0
DA:4995,0
DA:4996,0
DA:4997,0
DA:4999,0
DA:5001,0
DA:5002,0
DA:5003,0
DA:5004,0
DA:5007,0
DA:5009,0
DA:5012,0
DA:5013,0
DA:5014,0
DA:5017,0
DA:5018,0
DA:5021,0
DA:5022,0
DA:5023,0
DA:5024,0
DA:5066,0
DA:5067,0
DA:5068,0
DA:5098,0
DA:5099,0
DA:5100,0
DA:5101,0
DA:5102,0
DA:5136,0
DA:5137,0
DA:5138,0
DA:5140,0
DA:5141,0
DA:5143,0
DA:5144,0
DA:5146,0
DA:5149,0
DA:5150,0
DA:5151,0
DA:5153,0
DA:5154,0
DA:5156,0
DA:5157,0
DA:5159,0
DA:5162,0
DA:5163,0
DA:5164,0
DA:5165,0
DA:5166,0
DA:5167,0
DA:5168,0
DA:5172,0
DA:5173,0
DA:5174,0
DA:5175,0
DA:5177,0
DA:5181,0
DA:5182,0
DA:5183,0
DA:5184,0
DA:5185,0
DA:5187,0
DA:5189,0
DA:5190,0
DA:5192,0
DA:5193,0
DA:5195,0
DA:5196,0
DA:5197,0
DA:5199,0
DA:5200,0
DA:5202,0
DA:5207,0
DA:5208,0
DA:5209,0
DA:5213,0
DA:5214,0
DA:5215,0
DA:5224,0
DA:5226,0
DA:5227,0
DA:5230,0
DA:5232,0
DA:5233,0
DA:5234,0
DA:5239,0
DA:5240,0
DA:5241,0
DA:5242,0
DA:5243,0
DA:5244,0
DA:5247,0
DA:5249,0
DA:5251,0
DA:5252,0
DA:5253,0
DA:5257,0
DA:5258,0
DA:5262,0
DA:5263,0
DA:5265,0
DA:5266,0
DA:5269,0
DA:5271,0
DA:5272,0
DA:5273,0
DA:5276,0
DA:5277,0
DA:5278,0
DA:5280,0
DA:5281,0
DA:5282,0
DA:5283,0
DA:5284,0
DA:5285,0
DA:5286,0
DA:5288,0
DA:5289,0
DA:5290,0
DA:5294,0
DA:5295,0
DA:5296,0
DA:5297,0
DA:5299,0
DA:5300,0
DA:5301,0
DA:5304,0
DA:5307,0
DA:5309,0
DA:5310,0
DA:5311,0
DA:5312,0
DA:5314,0
DA:5315,0
DA:5316,0
DA:5317,0
DA:5318,0
DA:5319,0
DA:5320,0
DA:5321,0
DA:5324,0
DA:5325,0
DA:5326,0
DA:5327,0
DA:5328,0
DA:5330,0
DA:5331,0
DA:5332,0
DA:5333,0
DA:5334,0
DA:5335,0
DA:5338,0
DA:5340,0
DA:5341,0
DA:5342,0
DA:5345,0
DA:5346,0
DA:5347,0
DA:5348,0
DA:5351,0
DA:5352,0
DA:5353,0
DA:5354,0
DA:5357,0
DA:5358,0
DA:5359,0
DA:5362,0
DA:5363,0
DA:5364,0
DA:5365,0
DA:5366,0
DA:5367,0
DA:5368,0
DA:5369,0
DA:5371,0
DA:5391,0
DA:5392,0
DA:5393,0
DA:5394,0
DA:5396,0
DA:5398,0
DA:5399,0
DA:5400,0
DA:5402,0
DA:5403,0
DA:5404,0
DA:5405,0
DA:5407,0
DA:5424,0
DA:5425,0
DA:5426,0
DA:5428,0
DA:5429,0
DA:5430,0
DA:5431,0
DA:5432,0
DA:5433,0
DA:5434,0
DA:5435,0
DA:5436,0
DA:5438,0
DA:5439,0
DA:5441,0
DA:5443,0
DA:5444,0
DA:5445,0
DA:5446,0
DA:5447,0
DA:5448,0
DA:5452,0
DA:5455,0
DA:5456,0
DA:5457,0
DA:5460,0
DA:5461,0
DA:5462,0
DA:5463,0
DA:5464,0
DA:5465,0
DA:5467,0
DA:5468,0
DA:5469,0
DA:5470,0
DA:5471,0
DA:5472,0
DA:5473,0
DA:5479,0
DA:5480,0
DA:5481,0
DA:5482,0
DA:5483,0
DA:5484,0
DA:5485,0
DA:5486,0
DA:5487,0
DA:5488,0
DA:5489,0
DA:5490,0
DA:5491,0
DA:5492,0
DA:5493,0
DA:5494,0
DA:5495,0
DA:5496,0
DA:5498,0
DA:5499,0
DA:5500,0
DA:5501,0
DA:5502,0
DA:5503,0
DA:5504,0
DA:5505,0
DA:5506,0
DA:5508,0
DA:5509,0
DA:5511,0
DA:5512,0
DA:5515,0
DA:5521,0
DA:5522,0
DA:5523,0
DA:5526,0
DA:5527,0
DA:5528,0
DA:5529,0
DA:5530,0
DA:5531,0
DA:5532,0
DA:5533,0
DA:5534,0
DA:5535,0
DA:5536,0
DA:5538,0
DA:5539,0
DA:5540,0
DA:5542,0
DA:5543,0
DA:5544,0
DA:5546,0
DA:5547,0
DA:5548,0
DA:5549,0
DA:5550,0
DA:5551,0
DA:5552,0
DA:5554,0
DA:5555,0
DA:5557,0
DA:5558,0
DA:5559,0
DA:5560,0
DA:5562,0
DA:5564,0
DA:5565,0
DA:5566,0
DA:5567,0
DA:5568,0
DA:5569,0
DA:5570,0
DA:5571,0
DA:5572,0
DA:5573,0
DA:5574,0
DA:5576,0
DA:5577,0
DA:5579,0
DA:5580,0
DA:5582,0
DA:5583,0
DA:5584,0
DA:5585,0
DA:5587,0
DA:5588,0
DA:5589,0
DA:5590,0
DA:5591,0
DA:5592,0
DA:5593,0
DA:5595,0
DA:5597,0
DA:5598,0
DA:5599,0
DA:5601,0
DA:5603,0
DA:5604,0
DA:5605,0
DA:5606,0
DA:5607,0
DA:5609,0
DA:5611,0
DA:5612,0
DA:5614,0
DA:5615,0
DA:5616,0
DA:5617,0
DA:5618,0
DA:5619,0
DA:5621,0
DA:5623,0
DA:5624,0
DA:5626,0
DA:5627,0
DA:5629,0
DA:5630,0
DA:5631,0
DA:5632,0
DA:5634,0
DA:5636,0
DA:5638,0
DA:5639,0
DA:5641,0
DA:5642,0
DA:5643,0
DA:5644,0
DA:5645,0
DA:5647,0
DA:5652,0
DA:5653,0
DA:5655,0
DA:5656,0
DA:5658,0
DA:5659,0
DA:5660,0
DA:5661,0
DA:5662,0
DA:5664,0
DA:5665,0
DA:5666,0
DA:5667,0
DA:5669,0
DA:5672,0
DA:5674,0
DA:5676,0
DA:5677,0
DA:5678,0
DA:5680,0
DA:5681,0
DA:5682,0
DA:5684,0
DA:5686,0
DA:5687,0
DA:5689,0
DA:5690,0
DA:5691,0
DA:5692,0
DA:5693,0
DA:5695,0
DA:5696,0
DA:5697,0
DA:5698,0
DA:5700,0
DA:5702,0
DA:5718,0
DA:5722,0
DA:5723,0
DA:5729,0
DA:5733,0
DA:5735,0
DA:5736,0
DA:5741,0
DA:5742,0
DA:5744,0
DA:5745,0
DA:5752,0
DA:5753,0
DA:5760,0
DA:5761,0
DA:5762,0
DA:5764,0
DA:5765,0
DA:5766,0
DA:5767,0
DA:5768,0
DA:5770,0
DA:5771,0
DA:5772,0
DA:5773,0
DA:5774,0
DA:5775,0
DA:5777,0
DA:5778,0
DA:5779,0
DA:5780,0
DA:5782,0
DA:5783,0
DA:5784,0
DA:5785,0
DA:5798,0
DA:5799,0
DA:5800,0
DA:5802,0
DA:5808,0
DA:5809,0
DA:5810,0
DA:5812,0
DA:5813,0
DA:5814,0
DA:5816,0
DA:5818,0
DA:5823,0
DA:5824,0
DA:5825,0
DA:5826,0
DA:5827,0
DA:5828,0
DA:5829,0
DA:5830,0
DA:5832,0
DA:5833,0
DA:5835,0
DA:5836,0
DA:5837,0
DA:5838,0
DA:5839,0
DA:5840,0
DA:5842,0
DA:5844,0
DA:5845,0
DA:5846,0
DA:5847,0
DA:5848,0
DA:5851,0
DA:5852,0
DA:5853,0
DA:5854,0
DA:5857,0
DA:5859,0
DA:5860,0
DA:5861,0
DA:5863,0
DA:5864,0
DA:5865,0
DA:5866,0
DA:5868,0
DA:5869,0
DA:5870,0
DA:5871,0
DA:5873,0
DA:5874,0
DA:5875,0
DA:5877,0
DA:5878,0
DA:5879,0
DA:5880,0
DA:5881,0
DA:5883,0
DA:5884,0
DA:5885,0
DA:5886,0
DA:5888,0
DA:5889,0
DA:5890,0
DA:5892,0
DA:5894,0
DA:5895,0
DA:5896,0
DA:5898,0
DA:5900,0
DA:5901,0
DA:5902,0
DA:5904,0
DA:5905,0
DA:5906,0
DA:5907,0
DA:5909,0
DA:5910,0
DA:5911,0
DA:5913,0
DA:5915,0
DA:5916,0
DA:5917,0
DA:5919,0
DA:5920,0
DA:5922,0
DA:5923,0
DA:5924,0
DA:5926,0
DA:5928,0
DA:5929,0
DA:5930,0
DA:5931,0
DA:5933,0
DA:5934,0
DA:5935,0
DA:5936,0
DA:5937,0
DA:5940,0
DA:5948,0
DA:5949,0
DA:5952,0
DA:5953,0
DA:5954,0
DA:5955,0
DA:5970,2
DA:5971,4
DA:5972,2
DA:5982,2
DA:5983,2
DA:5985,2
DA:5986,2
DA:5988,0
DA:5990,0
DA:5991,0
DA:5992,0
DA:5995,0
DA:5996,0
DA:5997,0
DA:6000,0
DA:6002,0
DA:6003,0
DA:6004,0
DA:6006,0
DA:6007,0
DA:6008,0
DA:6009,0
DA:6011,0
DA:6012,0
DA:6013,0
DA:6014,0
DA:6015,0
DA:6019,0
DA:6020,0
DA:6023,0
DA:6025,0
DA:6026,0
DA:6027,0
DA:6028,0
DA:6030,0
DA:6031,0
DA:6032,0
DA:6034,0
DA:6035,0
DA:6036,0
DA:6037,0
DA:6038,0
DA:6039,0
DA:6040,0
DA:6041,0
DA:6042,0
DA:6044,0
DA:6045,0
DA:6046,0
DA:6049,0
DA:6050,0
DA:6051,0
DA:6052,0
DA:6053,0
DA:6057,0
DA:6059,0
DA:6062,2
DA:6063,2
DA:6064,2
DA:6065,2
DA:6066,2
DA:6068,2
DA:6069,2
DA:6070,2
DA:6071,2
DA:6072,2
DA:6074,2
DA:6076,0
DA:6077,0
DA:6078,0
DA:6080,0
DA:6081,0
DA:6082,0
DA:6083,0
DA:6084,0
DA:6085,0
DA:6086,0
DA:6087,0
DA:6088,0
DA:6089,0
DA:6091,0
DA:6092,0
DA:6093,0
DA:6095,0
DA:6096,0
DA:6097,0
DA:6098,0
DA:6099,0
DA:6100,0
DA:6101,0
DA:6102,0
DA:6103,0
DA:6104,0
DA:6105,0
DA:6106,0
DA:6107,0
DA:6108,0
DA:6109,0
DA:6111,0
DA:6112,0
DA:6113,0
DA:6114,0
DA:6115,0
DA:6116,0
DA:6117,0
DA:6118,0
DA:6119,0
DA:6120,0
DA:6121,0
DA:6122,0
DA:6123,0
DA:6124,0
DA:6125,0
DA:6126,0
DA:6127,0
DA:6128,0
DA:6129,0
DA:6130,0
DA:6131,0
DA:6132,0
DA:6133,0
DA:6134,0
DA:6135,0
DA:6136,0
DA:6137,0
DA:6138,0
DA:6139,0
DA:6140,0
DA:6141,0
DA:6142,0
DA:6143,0
DA:6144,0
DA:6145,0
DA:6146,0
DA:6147,0
DA:6148,0
DA:6149,0
DA:6150,0
DA:6151,0
DA:6152,0
DA:6153,0
DA:6154,0
DA:6155,0
DA:6156,0
DA:6157,0
DA:6158,0
DA:6159,0
DA:6160,0
DA:6161,0
DA:6162,0
DA:6163,0
DA:6164,0
DA:6165,0
DA:6166,0
DA:6167,0
DA:6168,0
DA:6169,0
DA:6170,0
DA:6171,0
DA:6172,0
DA:6173,0
DA:6174,0
DA:6175,0
DA:6176,0
DA:6177,0
DA:6178,0
DA:6179,0
DA:6180,0
DA:6181,0
DA:6182,0
DA:6183,0
DA:6184,0
DA:6185,0
DA:6189,0
DA:6190,0
DA:6191,0
DA:6193,0
DA:6194,0
DA:6195,0
DA:6196,0
DA:6197,0
DA:6198,0
DA:6199,0
DA:6200,0
DA:6202,0
DA:6203,0
DA:6204,0
DA:6205,0
DA:6211,0
DA:6212,0
DA:6213,0
DA:6214,0
DA:6215,0
DA:6216,0
DA:6217,0
DA:6218,0
DA:6219,0
DA:6220,0
DA:6221,0
DA:6222,0
DA:6225,0
DA:6226,0
DA:6228,0
DA:6230,0
DA:6231,0
DA:6232,0
DA:6234,0
DA:6235,0
DA:6236,0
DA:6238,0
DA:6239,0
DA:6241,0
DA:6243,0
DA:6244,0
DA:6245,0
DA:6246,0
DA:6247,0
DA:6248,0
DA:6250,0
DA:6252,2
DA:6253,2
DA:6254,2
DA:6255,2
DA:6257,2
DA:6258,2
DA:6259,0
DA:6261,2
DA:6262,2
DA:6264,2
DA:6265,2
DA:6266,2
DA:6267,2
DA:6268,2
DA:6269,2
DA:6270,2
DA:6271,4
DA:6272,2
DA:6273,2
DA:6274,2
DA:6275,2
DA:6276,2
DA:6277,2
DA:6278,2
DA:6280,2
DA:6281,2
DA:6282,2
DA:6283,2
DA:6284,2
DA:6285,2
DA:6286,2
DA:6287,2
DA:6288,2
DA:6289,2
DA:6292,8
DA:6293,8
DA:6294,8
DA:6295,8
DA:6296,8
DA:6297,8
DA:6299,0
DA:6300,0
DA:6301,0
DA:6303,8
DA:6304,8
DA:6305,0
DA:6309,8
DA:6310,8
DA:6311,0
DA:6313,8
DA:6314,0
DA:6315,0
DA:6317,8
DA:6318,0
DA:6319,0
DA:6321,8
DA:6322,0
DA:6323,8
DA:6324,0
DA:6325,8
DA:6326,0
DA:6327,8
DA:6328,0
DA:6329,0
DA:6330,8
DA:6331,0
DA:6332,0
DA:6334,8
DA:6335,0
DA:6337,8
DA:6340,0
DA:6341,0
DA:6342,0
DA:6343,0
DA:6345,0
DA:6347,0
DA:6348,0
DA:6350,0
DA:6351,0
DA:6353,0
DA:6354,0
DA:6355,0
DA:6356,0
DA:6357,0
DA:6358,0
DA:6359,0
DA:6362,0
DA:6363,0
DA:6365,0
DA:6366,0
DA:6367,0
DA:6368,0
DA:6369,0
DA:6371,0
DA:6372,0
DA:6373,0
DA:6374,0
DA:6376,16
DA:6377,16
DA:6378,16
DA:6380,0
DA:6382,0
DA:6384,0
DA:6385,0
DA:6387,0
DA:6389,0
DA:6390,0
DA:6392,0
DA:6393,0
DA:6394,0
DA:6396,0
DA:6398,0
DA:6400,0
DA:6401,0
DA:6402,0
DA:6403,0
DA:6404,0
DA:6405,0
DA:6406,0
DA:6408,0
DA:6450,516
DA:6452,1032
DA:6453,516
DA:6454,516
DA:6455,516
DA:6457,0
DA:6458,0
DA:6459,0
DA:6460,0
DA:6461,0
DA:6462,0
DA:6465,0
DA:6466,0
DA:6468,0
DA:6469,0
DA:6470,0
DA:6471,0
DA:6472,0
DA:6476,0
DA:6481,516
DA:6485,258
DA:6487,258
DA:6488,148
DA:6491,258
DA:6492,0
DA:6494,258
DA:6498,110
DA:6499,110
DA:6503,36
DA:6505,36
DA:6506,36
DA:6508,0
DA:6509,0
DA:6510,0
DA:6511,0
DA:6512,0
DA:6514,0
DA:6515,0
DA:6517,0
DA:6518,0
DA:6519,0
DA:6520,0
DA:6521,0
DA:6522,0
DA:6523,0
DA:6524,0
DA:6525,0
DA:6526,0
DA:6528,0
DA:6530,0
DA:6531,0
DA:6532,0
DA:6533,0
DA:6535,0
DA:6539,0
DA:6540,0
DA:6542,0
DA:6543,0
DA:6544,0
DA:6545,36
DA:6546,36
DA:6555,104
DA:6557,104
DA:6558,104
DA:6559,104
DA:6561,0
DA:6564,0
DA:6565,0
DA:6566,0
DA:6567,0
DA:6571,0
DA:6572,0
DA:6575,0
DA:6576,0
DA:6577,0
DA:6578,0
DA:6580,0
DA:6581,0
DA:6582,0
DA:6586,0
DA:6587,104
DA:6590,2
DA:6591,2
DA:6592,2
DA:6593,2
DA:6594,2
DA:6595,2
DA:6597,2
DA:6598,2
DA:6599,0
DA:6600,2
DA:6601,2
DA:6603,0
DA:6604,0
DA:6605,0
DA:6606,0
DA:6607,0
DA:6610,2
DA:6614,2
DA:6615,2
DA:6616,2
DA:6617,2
DA:6618,2
DA:6619,2
DA:6620,2
DA:6621,2
DA:6622,2
DA:6623,2
DA:6624,2
DA:6625,2
DA:6626,2
DA:6627,2
DA:6628,2
DA:6629,2
DA:6630,2
DA:6631,2
DA:6634,2
DA:6635,2
DA:6661,2
DA:6662,2
DA:6663,2
DA:6665,2
DA:6666,2
DA:6668,2
DA:6669,2
DA:6671,2
DA:6672,2
DA:6673,2
DA:6674,2
DA:6675,2
DA:6676,2
DA:6677,2
DA:6678,2
DA:6679,2
DA:6680,2
DA:6681,2
DA:6682,2
DA:6683,2
DA:6684,2
DA:6685,2
DA:6686,2
DA:6687,2
DA:6688,2
DA:6689,2
DA:6690,2
DA:6691,2
DA:6694,2
DA:6695,2
DA:6696,2
DA:6697,2
DA:6698,2
DA:6699,2
DA:6700,2
DA:6702,2
DA:6703,4
DA:6704,2
DA:6705,0
DA:6706,0
DA:6708,4
DA:6709,2
DA:6710,0
DA:6711,0
DA:6713,4
DA:6714,2
DA:6715,0
DA:6716,0
DA:6718,4
DA:6719,2
DA:6720,0
DA:6721,0
DA:6723,4
DA:6724,2
DA:6725,0
DA:6726,0
DA:6728,4
DA:6729,2
DA:6730,0
DA:6731,0
DA:6733,2
DA:6736,0
DA:6739,0
DA:6740,0
DA:6741,0
DA:6742,0
DA:6745,0
DA:6746,0
DA:6747,0
DA:6750,0
DA:6751,0
DA:6752,0
DA:6755,0
DA:6756,0
DA:6757,0
DA:6758,0
DA:6759,0
DA:6762,0
DA:6764,0
DA:6766,0
DA:6768,0
DA:6780,0
DA:6782,0
DA:6783,0
DA:6784,0
DA:6789,2
DA:6790,2
DA:6794,2
DA:6798,2
DA:6800,2
DA:6801,2
DA:6803,2
DA:6804,2
DA:6806,2
DA:6807,2
DA:6808,2
DA:6809,0
DA:6810,2
DA:6812,0
DA:6813,0
DA:6817,2
DA:6824,2
DA:6826,2
DA:6827,2
DA:6829,2
DA:6830,0
DA:6833,2
DA:6834,2
DA:6837,4
DA:6838,2
DA:6839,2
DA:6841,2
DA:6842,0
DA:6843,2
DA:6844,2
DA:6847,2
DA:6848,2
DA:6851,8
DA:6852,6
DA:6853,2
DA:6859,2
DA:6860,0
DA:6868,2
DA:6869,0
DA:6871,0
DA:6874,2
DA:6875,10
DA:6876,8
DA:6877,2
DA:6880,2
DA:6881,2
DA:6882,2
DA:6883,0
DA:6884,0
DA:6885,0
DA:6886,0
DA:6887,0
DA:6888,0
DA:6891,0
DA:6892,0
DA:6893,0
DA:6895,0
DA:6897,0
DA:6898,0
DA:6900,0
DA:6906,2
DA:6908,2
DA:6909,2
DA:6911,2
DA:6912,4
DA:6915,10
DA:6916,8
DA:6918,8
DA:6919,8
DA:6920,0
DA:6922,8
DA:6923,0
DA:6924,8
DA:6925,0
DA:6926,8
DA:6927,0
DA:6928,8
DA:6929,0
DA:6930,8
DA:6931,0
DA:6932,8
DA:6933,0
DA:6935,8
DA:6936,8
DA:6939,8
DA:6940,8
DA:6941,0
DA:6943,8
DA:6944,0
DA:6945,0
DA:6946,0
DA:6947,0
DA:6950,8
DA:6951,0
DA:6954,8
DA:6955,0
DA:6956,0
DA:6960,8
DA:6961,0
DA:6962,0
DA:6963,0
DA:6964,0
DA:6966,0
DA:6971,8
DA:6973,8
DA:6974,8
DA:6977,8
DA:6978,8
DA:6980,8
DA:6982,16
DA:6984,8
DA:6986,8
DA:6988,8
DA:6990,8
DA:6992,8
DA:6993,8
DA:6995,8
DA:6998,8
DA:7005,8
DA:7007,8
DA:7008,8
DA:7011,8
DA:7012,0
DA:7013,0
DA:7014,0
DA:7016,0
DA:7017,0
DA:7021,8
DA:7022,0
DA:7023,0
DA:7024,0
DA:7027,8
DA:7028,0
DA:7029,8
DA:7030,8
DA:7033,8
DA:7035,16
DA:7037,8
DA:7040,8
DA:7041,0
DA:7045,2
DA:7046,4
DA:7048,0
DA:7049,0
DA:7050,0
DA:7051,0
DA:7052,0
DA:7055,2
DA:7056,2
DA:7058,2
DA:7060,0
DA:7061,0
DA:7062,0
DA:7065,0
DA:7066,0
DA:7067,0
DA:7071,6
DA:7072,6
DA:7073,6
DA:7075,0
DA:7076,6
DA:7085,2
LF:2022
LH:589
end_of_record
TN:
SF:/home/jorel/projects/diskrw/tests/writertest.cpp
FN:6,_ZL20DOCTEST_ANON_FUNC_14v
FN:13,_ZL20DOCTEST_ANON_FUNC_16v
FN:20,_ZL20DOCTEST_ANON_FUNC_18v
FN:29,_ZL20DOCTEST_ANON_FUNC_20v
FNDA:2,_ZL20DOCTEST_ANON_FUNC_16v
FNDA:2,_ZL20DOCTEST_ANON_FUNC_20v
FNDA:2,_ZL20DOCTEST_ANON_FUNC_18v
FNDA:2,_ZL20DOCTEST_ANON_FUNC_14v
FNF:4
FNH:4
DA:6,2
DA:7,4
DA:8,2
DA:10,4
DA:11,2
DA:13,2
DA:14,4
DA:15,2
DA:17,4
DA:18,2
DA:20,2
DA:21,4
DA:22,2
DA:23,2
DA:24,2
DA:25,4
DA:26,4
DA:27,2
DA:29,2
DA:30,4
DA:31,2
DA:32,2
DA:33,2
DA:34,4
DA:35,4
DA:36,4
DA:37,4
DA:38,2
LF:28
LH:28
end_of_record
